file name | last modified | file size
/scratch/users/samthau/template/lib/gslab_make/sphinx/source/pages/api/run_program/gslab_make.run_program.run_mathematica.rst | 2023-07-21 21:14:26 | 110
/scratch/users/samthau/template/lib/gslab_make/docs/_static/fonts/Inconsolata-Bold 2.ttf | 2023-07-21 21:14:25 | 109948
/scratch/users/samthau/template/lib/gslab_make/docs/search 2.html | 2023-07-21 21:14:25 | 4679
/scratch/users/samthau/template/lib/gslab_make/sphinx/build/html/_sources/pages/dummy.rst.txt | 2023-07-21 21:14:25 | 741
/scratch/users/samthau/template/lib/gslab_make/sphinx/build/html/_sources/pages/api/write_source_logs/gslab_make.write_source_logs.write_source_logs.rst.txt | 2023-07-21 21:14:25 | 122
/scratch/users/samthau/template/lib/gslab_make/sphinx/build/html/_static/js/modernizr.min.js | 2023-07-21 21:14:26 | 15414
/scratch/users/samthau/template/lib/gslab_make/docs/_sources/pages/api/run_program/gslab_make.run_program.run_stat_transfer.rst.txt | 2023-07-21 21:14:25 | 116
/scratch/users/samthau/template/lib/gslab_make/sphinx/build/html/_sources/pages/api/make_utility/gslab_make.make_utility.update_paths.rst.txt | 2023-07-21 21:14:25 | 102
/scratch/users/samthau/template/lib/gslab_make/gslab_make/run_program.py | 2023-07-21 21:14:25 | 42182
/scratch/users/samthau/template/lib/gslab_make/sphinx/build/html/_static/basic.css | 2023-07-21 21:14:25 | 14621
/scratch/users/samthau/template/lib/gslab_make/docs/_sources/pages/api/modify_dir/gslab_make.modify_dir.clear_dir.rst.txt | 2023-07-21 21:14:25 | 91
/scratch/users/samthau/template/lib/gslab_make/sphinx/build/html/pages/filling.html | 2023-07-21 21:14:26 | 16737
/scratch/users/samthau/template/lib/gslab_make/test/raw/log_sources/move_depth.txt | 2023-07-21 21:14:26 | 65
/scratch/users/samthau/template/lib/gslab_make/docs/pages/sourcing.html | 2023-07-21 21:14:25 | 33056
/scratch/users/samthau/template/lib/gslab_make/sphinx/Makefile | 2023-07-21 21:14:25 | 683
/scratch/users/samthau/template/lib/gslab_make/test/raw/log_outputs/dir/file.txt | 2023-07-21 21:14:26 | 20
/scratch/users/samthau/template/lib/gslab_make/test/raw/log_sources/dir/file.txt | 2023-07-21 21:14:26 | 20
/scratch/users/samthau/template/lib/gslab_make/build/lib/test/test_log_outputs.py | 2023-07-21 21:14:25 | 5111
/scratch/users/samthau/template/lib/gslab_make/docs/_static/fonts/fontawesome-webfont 2.eot | 2023-07-21 21:14:25 | 165742
/scratch/users/samthau/template/lib/gslab_make/sphinx/build/html/_sources/pages/sourcing 2.rst.txt | 2023-07-21 21:14:25 | 548
/scratch/users/samthau/template/lib/gslab_make/sphinx/build/html/pages/api/run_program/gslab_make.run_program.run_stat_transfer.html | 2023-07-21 21:14:26 | 11549
/scratch/users/samthau/template/lib/gslab_make/test/raw/run_program/lyx_file space.lyx | 2023-07-21 21:14:26 | 1608
/scratch/users/samthau/template/lib/gslab_make/sphinx/build/html/pages/api/move_sources/gslab_make.move_sources.copy_inputs.html | 2023-07-21 21:14:26 | 12310
/scratch/users/samthau/template/lib/gslab_make/docs/_static/css/fonts/lato-bold.woff2 | 2023-07-21 21:14:25 | 184912
/scratch/users/samthau/template/lib/gslab_make/docs/_static/language_data 2.js | 2023-07-21 21:14:25 | 4758
/scratch/users/samthau/template/lib/gslab_make/gslab_make/private/__init__.py | 2023-07-21 21:14:25 | 0
/scratch/users/samthau/template/lib/gslab_make/docs/_static/pygments 2.css | 2023-07-21 21:14:25 | 4819
/scratch/users/samthau/template/lib/gslab_make/gslab_make/__pycache__/write_logs.cpython-311.pyc | 2023-07-21 21:56:53 | 14380
/scratch/users/samthau/template/lib/gslab_make/docs/_static/doctools.js | 2023-07-21 21:14:25 | 4472
/scratch/users/samthau/template/lib/gslab_make/docs/_sources/pages/api/write_logs/gslab_make.write_logs.write_to_makelog.rst.txt | 2023-07-21 21:14:25 | 112
/scratch/users/samthau/template/lib/gslab_make/test/raw/config/config_user_bad_executables.yaml | 2023-07-21 21:14:26 | 249
/scratch/users/samthau/template/lib/gslab_make/sphinx/build/html/_static/fonts/Inconsolata-Regular.ttf | 2023-07-21 21:14:25 | 96964
/scratch/users/samthau/template/lib/gslab_make/docs/pages/api/run_program/gslab_make.run_program.run_python.html | 2023-07-21 21:14:25 | 11407
/scratch/users/samthau/template/lib/gslab_make/sphinx/build/html/_static/fonts/RobotoSlab-Bold.ttf | 2023-07-21 21:14:25 | 170616
/scratch/users/samthau/template/lib/gslab_make/test/raw/run_program/perl_script_arg.pl | 2023-07-21 21:14:26 | 206
/scratch/users/samthau/template/lib/gslab_make/sphinx/source/pages/sourcing 2.rst | 2023-07-21 21:14:26 | 548
/scratch/users/samthau/template/lib/gslab_make/sphinx/build/html/search.html | 2023-07-21 21:14:26 | 4762
/scratch/users/samthau/template/lib/gslab_make/sphinx/source/pages/api/move_sources/gslab_make.move_sources.copy_inputs.rst | 2023-07-21 21:14:26 | 99
/scratch/users/samthau/template/lib/gslab_make/sphinx/build/doctrees/pages/api/move_sources/gslab_make.move_sources.copy_inputs.doctree | 2023-07-21 21:14:25 | 20928
/scratch/users/samthau/template/lib/gslab_make/docs/pages/general_logging.html | 2023-07-21 21:14:25 | 14709
/scratch/users/samthau/template/lib/gslab_make/sphinx/build/html/pages/api/make_utility/gslab_make.make_utility.update_paths.html | 2023-07-21 21:14:26 | 6735
/scratch/users/samthau/template/lib/gslab_make/docs/_static/css/fonts/fontawesome-webfont.woff | 2023-07-21 21:14:25 | 98024
/scratch/users/samthau/template/lib/gslab_make/docs/_static/js/html5shiv.min.js | 2023-07-21 21:14:25 | 2734
/scratch/users/samthau/template/lib/gslab_make/docs/_static/fonts/Inconsolata.ttf | 2023-07-21 21:14:25 | 63184
/scratch/users/samthau/template/lib/gslab_make/docs/pages/api/run_program/gslab_make.run_program.run_latex.html | 2023-07-21 21:14:25 | 11862
/scratch/users/samthau/template/lib/gslab_make/test/raw/run_program/perl_script space.pl | 2023-07-21 21:14:26 | 208
/scratch/users/samthau/template/lib/gslab_make/sphinx/build/html/_static/_sphinx_javascript_frameworks_compat.js | 2023-07-21 21:14:25 | 4418
/scratch/users/samthau/template/lib/gslab_make/sphinx/build/html/_sources/pages/api/modify_dir/gslab_make.modify_dir.unzip.rst.txt | 2023-07-21 21:14:25 | 79
/scratch/users/samthau/template/lib/gslab_make/docs/_static/graphviz 2.css | 2023-07-21 21:14:25 | 299
/scratch/users/samthau/template/lib/gslab_make/docs/_static/fonts/fontawesome-webfont 2.ttf | 2023-07-21 21:14:25 | 165548
/scratch/users/samthau/template/lib/gslab_make/docs/pages/api/make_utility/gslab_make.make_utility.copy_output.html | 2023-07-21 21:14:25 | 6778
/scratch/users/samthau/template/lib/gslab_make/docs/_sources/pages/api/run_program/gslab_make.run_program.run_matlab.rst.txt | 2023-07-21 21:14:25 | 95
/scratch/users/samthau/template/lib/gslab_make/test/test_move_sources.py | 2023-07-21 21:14:26 | 7262
/scratch/users/samthau/template/lib/gslab_make/sphinx/build/html/_sources/index.rst.txt | 2023-07-21 21:14:25 | 1039
/scratch/users/samthau/template/lib/gslab_make/sphinx/build/html/_sources/pages/api/run_program/gslab_make.run_program.run_matlab.rst.txt | 2023-07-21 21:14:25 | 95
/scratch/users/samthau/template/raw/tv.csv | 2023-07-21 21:12:39 | 98923
/scratch/users/samthau/template/lib/gslab_make/sphinx/build/html/pages/api/run_program/gslab_make.run_program.run_mathematica.html | 2023-07-21 21:14:26 | 11436
/scratch/users/samthau/template/lib/gslab_make/CODE_OF_CONDUCT.md | 2023-07-21 21:14:25 | 3353
/scratch/users/samthau/template/lib/gslab_make/sphinx/build/doctrees/pages/api/run_program/gslab_make.run_program.run_stat_transfer.doctree | 2023-07-21 21:14:25 | 18750
/scratch/users/samthau/template/lib/gslab_make/build/lib/gslab_make/run_program.py | 2023-07-21 21:14:25 | 42191
/scratch/users/samthau/template/lib/gslab_make/sphinx/build/html/pages/api/write_source_logs/gslab_make.write_source_logs.write_source_logs.html | 2023-07-21 21:14:26 | 10459
/scratch/users/samthau/template/lib/gslab_make/test/raw/run_program/lyx_file_handout_handout.lyx.bak | 2023-07-21 21:14:26 | 2000
/scratch/users/samthau/template/lib/gslab_make/test/README.md | 2023-07-21 21:14:26 | 830
/scratch/users/samthau/template/lib/gslab_make/sphinx/build/doctrees/pages/api/modify_dir/gslab_make.modify_dir.unzip.doctree | 2023-07-21 21:14:25 | 7173
/scratch/users/samthau/template/lib/gslab_make/sphinx/build/html/_sources/pages/api/move_sources/gslab_make.move_sources.link_externals.rst.txt | 2023-07-21 21:14:25 | 108
/scratch/users/samthau/template/lib/gslab_make/docs/pages/dummy 2.html | 2023-07-21 21:14:25 | 18205
/scratch/users/samthau/template/lib/gslab_make/docs/_static/css/fonts/Roboto-Slab-Regular.woff | 2023-07-21 21:14:25 | 86288
/scratch/users/samthau/template/lib/gslab_make/docs/_sources/pages/general_logging 2.rst.txt | 2023-07-21 21:14:25 | 655
/scratch/users/samthau/template/lib/gslab_make/test/raw/log_outputs/dir_local/file_local.txt | 2023-07-21 21:14:26 | 20
/scratch/users/samthau/template/lib/gslab_make/test/WIP_test_latex.py | 2023-07-21 21:14:26 | 2298
/scratch/users/samthau/template/lib/gslab_make/gslab_make/__pycache__/textfill.cpython-311.pyc | 2023-07-21 21:56:55 | 9406
/scratch/users/samthau/template/lib/gslab_make/test/raw/config/config_bad.yaml | 2023-07-21 21:14:26 | 987
/scratch/users/samthau/template/lib/gslab_make/docs/pages/api/move_sources/gslab_make.move_sources.link_inputs.html | 2023-07-21 21:14:25 | 12489
/scratch/users/samthau/template/lib/gslab_make/sphinx/build/html/pages/api/check_repo/gslab_make.check_repo.check_module_size.html | 2023-07-21 21:14:26 | 8460
/scratch/users/samthau/template/lib/gslab_make/sphinx/build/doctrees/index.doctree | 2023-07-21 21:14:25 | 6021
/scratch/users/samthau/template/lib/gslab_make/docs/pages/api/run_program/gslab_make.run_program.run_stata.html | 2023-07-21 21:14:25 | 11692
/scratch/users/samthau/template/lib/gslab_make/docs/_static/fonts/Inconsolata-Regular 2.ttf | 2023-07-21 21:14:25 | 96964
/scratch/users/samthau/template/lib/gslab_make/sphinx/build/html/_static/fonts/RobotoSlab/roboto-slab-v7-regular.eot | 2023-07-21 21:14:26 | 78331
/scratch/users/samthau/template/lib/gslab_make/sphinx/build/doctrees/pages/directory 2.doctree | 2023-07-21 21:14:25 | 27257
/scratch/users/samthau/template/lib/gslab_make/build/lib/gslab_make/textfill.py | 2023-07-21 21:14:25 | 5952
/scratch/users/samthau/template/lib/gslab_make/test/raw/tablefill/tablefill_duplicated.txt | 2023-07-21 21:14:26 | 66
/scratch/users/samthau/template/lib/gslab_make/sphinx/build/doctrees/pages/api/run_program/gslab_make.run_program.run_perl.doctree | 2023-07-21 21:14:25 | 18527
/scratch/users/samthau/template/lib/gslab_make/docs/_static/fonts/RobotoSlab/roboto-slab-v7-bold.woff2 | 2023-07-21 21:14:25 | 67312
/scratch/users/samthau/template/lib/gslab_make/sphinx/build/html/_static/sphinx_highlight.js | 2023-07-21 21:14:26 | 4712
/scratch/users/samthau/template/lib/gslab_make/sphinx/build/doctrees/pages/api/move_sources/gslab_make.move_sources.copy_externals.doctree | 2023-07-21 21:14:25 | 21024
/scratch/users/samthau/template/lib/gslab_make/test/raw/tablefill/tablefill_template space.lyx | 2023-07-21 21:14:26 | 4256
/scratch/users/samthau/template/lib/gslab_make/docs/_sources/index.rst.txt | 2023-07-21 21:14:25 | 1039
/scratch/users/samthau/template/lib/gslab_make/sphinx/build/html/index.html | 2023-07-21 21:14:26 | 7518
/scratch/users/samthau/template/lib/gslab_make/sphinx/build/doctrees/pages/source_logging.doctree | 2023-07-21 21:14:25 | 20524
/scratch/users/samthau/template/lib/gslab_make/docs/_sources/pages/dummy.rst.txt | 2023-07-21 21:14:25 | 741
/scratch/users/samthau/template/lib/gslab_make/sphinx/build/html/_static/css/fonts/lato-bold-italic.woff | 2023-07-21 21:14:25 | 323344
/scratch/users/samthau/template/lib/gslab_make/gslab_make/textfill.py | 2023-07-21 21:14:25 | 5952
/scratch/users/samthau/template/lib/gslab_make/docs/_static/css/fonts/lato-normal-italic.woff | 2023-07-21 21:14:25 | 328412
/scratch/users/samthau/template/lib/gslab_make/sphinx/build/doctrees/pages/api/run_program/gslab_make.run_program.run_lyx.doctree | 2023-07-21 21:14:25 | 22160
/scratch/users/samthau/template/lib/gslab_make/docs/_static/underscore.js | 2023-07-21 21:14:25 | 19530
/scratch/users/samthau/template/lib/gslab_make/docs/_static/graphviz.css | 2023-07-21 21:14:25 | 299
/scratch/users/samthau/template/lib/gslab_make/docs/_static/fonts/Lato/lato-bolditalic.woff2 | 2023-07-21 21:14:25 | 193308
/scratch/users/samthau/template/lib/gslab_make/build/lib/gslab_make/private/subprocess_fix.py | 2023-07-21 21:14:25 | 5428
/scratch/users/samthau/template/lib/gslab_make/test/raw/move_sources/move_file.txt | 2023-07-21 21:14:26 | 64
/scratch/users/samthau/template/lib/gslab_make/test/raw/run_program/lyx_file_comments_comments.lyx.bak | 2023-07-21 21:14:26 | 1694
/scratch/users/samthau/template/lib/gslab_make/sphinx/build/html/_static/fonts/Lato/lato-bolditalic.woff2 | 2023-07-21 21:14:25 | 193308
/scratch/users/samthau/template/lib/gslab_make/sphinx/source/pages/api/run_program/gslab_make.run_program.run_sas.rst | 2023-07-21 21:14:26 | 86
/scratch/users/samthau/template/lib/gslab_make/sphinx/build/html/_sources/pages/api/run_program/gslab_make.run_program.run_r.rst.txt | 2023-07-21 21:14:25 | 80
/scratch/users/samthau/template/lib/gslab_make/LICENSE.txt | 2023-07-21 21:14:25 | 1083
/scratch/users/samthau/template/lib/gslab_make/docs/_sources/pages/filling.rst.txt | 2023-07-21 21:14:25 | 253
/scratch/users/samthau/template/lib/gslab_make/sphinx/source/pages/api/move_sources/gslab_make.move_sources.link_externals.rst | 2023-07-21 21:14:26 | 108
/scratch/users/samthau/template/lib/gslab_make/sphinx/build/html/_static/fonts/Lato/lato-regular.woff | 2023-07-21 21:14:25 | 309192
/scratch/users/samthau/template/lib/gslab_make/test/raw/run_program/lyx_file_error.lyx | 2023-07-21 21:14:26 | 5
/scratch/users/samthau/template/lib/gslab_make/docs/pages/utility 2.html | 2023-07-21 21:14:25 | 10474
/scratch/users/samthau/template/lib/gslab_make/test/raw/log_sources/move space.txt | 2023-07-21 21:14:26 | 65
/scratch/users/samthau/template/lib/gslab_make/docs/pages/api/modify_dir/gslab_make.modify_dir.clear_dir.html | 2023-07-21 21:14:25 | 7869
/scratch/users/samthau/template/lib/gslab_make/sphinx/build/doctrees/pages/general_logging.doctree | 2023-07-21 21:14:25 | 35511
/scratch/users/samthau/template/lib/gslab_make/docs/_sources/pages/api/run_program/gslab_make.run_program.run_module.rst.txt | 2023-07-21 21:14:25 | 95
/scratch/users/samthau/template/lib/gslab_make/docs/_sources/pages/api/make_utility/gslab_make.make_utility.update_internal_paths.rst.txt | 2023-07-21 21:14:25 | 129
/scratch/users/samthau/template/lib/gslab_make/sphinx/build/doctrees/pages/specifying_paths.doctree | 2023-07-21 21:14:25 | 17011
/scratch/users/samthau/template/lib/gslab_make/docs/_static/jquery-3.5.1 2.js | 2023-07-21 21:14:25 | 287630
/scratch/users/samthau/template/lib/gslab_make/sphinx/build/html/_sources/pages/dummy 2.rst.txt | 2023-07-21 21:14:25 | 741
/scratch/users/samthau/template/lib/gslab_make/test/raw/run_program/perl_script_error.pl | 2023-07-21 21:14:26 | 5
/scratch/users/samthau/template/lib/gslab_make/docs/_static/fonts/RobotoSlab/roboto-slab-v7-bold.ttf | 2023-07-21 21:14:25 | 170616
/scratch/users/samthau/template/lib/gslab_make/sphinx/build/doctrees/pages/api/run_program/gslab_make.run_program.run_jupyter.doctree | 2023-07-21 21:14:25 | 13990
/scratch/users/samthau/template/lib/gslab_make/test/raw/log_outputs/dir_depth/dir_depth/depth_2.txt | 2023-07-21 21:14:26 | 20
/scratch/users/samthau/template/lib/gslab_make/test/raw/log_outputs/dir_depth/depth_1.txt | 2023-07-21 21:14:26 | 20
/scratch/users/samthau/template/lib/gslab_make/docs/_static/fonts/Lato/lato-italic.ttf | 2023-07-21 21:14:25 | 639388
/scratch/users/samthau/template/lib/gslab_make/test/raw/run_program/r_script space.R | 2023-07-21 21:14:26 | 100
/scratch/users/samthau/template/lib/gslab_make/docs/_sources/pages/api/run_program/gslab_make.run_program.run_perl.rst.txt | 2023-07-21 21:14:25 | 89
/scratch/users/samthau/template/lib/gslab_make/test/raw/tablefill/tablefill space.txt | 2023-07-21 21:14:26 | 66
/scratch/users/samthau/template/lib/gslab_make/docs/pages/api/move_sources/gslab_make.move_sources.copy_externals.html | 2023-07-21 21:14:25 | 12303
/scratch/users/samthau/template/lib/gslab_make/sphinx/build/html/pages/api/check_repo/gslab_make.check_repo.check_conda_status.html | 2023-07-21 21:14:26 | 7229
/scratch/users/samthau/template/lib/gslab_make/sphinx/source/pages/api/modify_dir/gslab_make.modify_dir.clear_dir.rst | 2023-07-21 21:14:26 | 91
/scratch/users/samthau/template/lib/gslab_make/docs/_static/css/fonts/lato-bold-italic.woff2 | 2023-07-21 21:14:25 | 193308
/scratch/users/samthau/template/lib/gslab_make/sphinx/build/html/_static/js/badge_only.js | 2023-07-21 21:14:26 | 934
/scratch/users/samthau/template/lib/gslab_make/sphinx/source/pages/api/modify_dir/gslab_make.modify_dir.remove_dir.rst | 2023-07-21 21:14:26 | 94
/scratch/users/samthau/template/lib/gslab_make/test/raw/log_sources/dir_depth/dir_depth/depth_2.txt | 2023-07-21 21:14:26 | 20
/scratch/users/samthau/template/lib/gslab_make/sphinx/build/html/_sources/pages/api/check_repo/gslab_make.check_repo.check_conda_status.rst.txt | 2023-07-21 21:14:25 | 118
/scratch/users/samthau/template/lib/gslab_make/docs/_sources/pages/api/run_program/gslab_make.run_program.run_latex.rst.txt | 2023-07-21 21:14:25 | 92
/scratch/users/samthau/template/lib/gslab_make/test/test_makelog.py | 2023-07-21 21:14:26 | 2308
/scratch/users/samthau/template/lib/gslab_make/sphinx/build/html/pages/api/write_logs/gslab_make.write_logs.log_files_in_output.html | 2023-07-21 21:14:26 | 10098
/scratch/users/samthau/template/lib/gslab_make/sphinx/build/doctrees/pages/program.doctree | 2023-07-21 21:14:25 | 215270
/scratch/users/samthau/template/lib/gslab_make/sphinx/source/pages/api/run_program/gslab_make.run_program.run_r.rst | 2023-07-21 21:14:26 | 80
/scratch/users/samthau/template/lib/gslab_make/sphinx/build/html/pages/api/run_program/gslab_make.run_program.execute_command.html | 2023-07-21 21:14:26 | 11312
/scratch/users/samthau/template/lib/gslab_make/sphinx/build/html/_static/fonts/Lato-Bold.ttf | 2023-07-21 21:14:25 | 656544
/scratch/users/samthau/template/lib/gslab_make/build/lib/gslab_make/private/programdirective.py | 2023-07-21 21:14:25 | 10360
/scratch/users/samthau/template/lib/gslab_make/docs/_static/jquery-3.6.0 2.js | 2023-07-21 21:14:25 | 288580
/scratch/users/samthau/template/lib/gslab_make/sphinx/build/html/_sources/pages/source_logging.rst.txt | 2023-07-21 21:14:25 | 380
/scratch/users/samthau/template/lib/gslab_make/sphinx/build/html/genindex.html | 2023-07-21 21:14:26 | 13095
/scratch/users/samthau/template/lib/gslab_make/gslab_make/tablefill.py | 2023-07-21 21:14:25 | 20325
/scratch/users/samthau/template/lib/gslab_make/sphinx/build/html/_static/fonts/Lato/lato-regular.eot | 2023-07-21 21:14:25 | 253461
/scratch/users/samthau/template/lib/gslab_make/test/raw/run_program/lyx_file_beamer.lyx | 2023-07-21 21:14:26 | 2000
/scratch/users/samthau/template/lib/gslab_make/docs/pages/api/tablefill/gslab_make.tablefill.tablefill.html | 2023-07-21 21:14:25 | 16380
/scratch/users/samthau/template/lib/gslab_make/sphinx/build/doctrees/pages/api/check_repo/gslab_make.check_repo.get_modified_sources.doctree | 2023-07-21 21:14:25 | 12579
/scratch/users/samthau/template/lib/gslab_make/test/EXCLUDE_test_R.py | 2023-07-21 21:14:26 | 8001
/scratch/users/samthau/template/lib/gslab_make/docs/_sources/pages/filling 2.rst.txt | 2023-07-21 21:14:25 | 253
/scratch/users/samthau/template/lib/gslab_make/sphinx/build/doctrees/pages/api/write_logs/gslab_make.write_logs.write_to_makelog.doctree | 2023-07-21 21:14:25 | 8103
/scratch/users/samthau/template/lib/gslab_make/sphinx/build/html/_static/fonts/fontawesome-webfont.eot | 2023-07-21 21:14:26 | 165742
/scratch/users/samthau/template/lib/gslab_make/sphinx/source/pages/api/run_program/gslab_make.run_program.run_perl.rst | 2023-07-21 21:14:26 | 89
/scratch/users/samthau/template/lib/gslab_make/docs/_static/fonts/Inconsolata-Bold.ttf | 2023-07-21 21:14:25 | 109948
/scratch/users/samthau/template/lib/gslab_make/build/lib/gslab_make/private/messages.py | 2023-07-21 21:14:25 | 5991
/scratch/users/samthau/template/lib/gslab_make/sphinx/build/html/_sources/pages/api/make_utility/gslab_make.make_utility.update_executables.rst.txt | 2023-07-21 21:14:25 | 120
/scratch/users/samthau/template/lib/gslab_make/test/raw/log_sources/dir space/file space.txt | 2023-07-21 21:14:26 | 20
/scratch/users/samthau/template/lib/gslab_make/sphinx/build/doctrees/pages/api/run_program/gslab_make.run_program.run_r.doctree | 2023-07-21 21:14:25 | 18348
/scratch/users/samthau/template/lib/gslab_make/sphinx/build/doctrees/pages/api/check_repo/gslab_make.check_repo.check_module_size.doctree | 2023-07-21 21:14:25 | 10689
/scratch/users/samthau/template/lib/gslab_make/sphinx/source/pages/api/write_logs/gslab_make.write_logs.end_makelog.rst | 2023-07-21 21:14:26 | 97
/scratch/users/samthau/template/lib/gslab_make/sphinx/build/html/searchindex.js | 2023-07-21 21:14:26 | 37621
/scratch/users/samthau/template/lib/gslab_make/docs/pages/filling.html | 2023-07-21 21:14:25 | 16737
/scratch/users/samthau/template/lib/gslab_make/sphinx/build/html/_static/jquery-3.5.1.js | 2023-07-21 21:14:26 | 287630
/scratch/users/samthau/template/lib/gslab_make/sphinx/build/html/_static/css/fonts/fontawesome-webfont.eot | 2023-07-21 21:14:25 | 165742
/scratch/users/samthau/template/lib/gslab_make/sphinx/build/html/_sources/pages/api/run_program/gslab_make.run_program.run_perl.rst.txt | 2023-07-21 21:14:25 | 89
/scratch/users/samthau/template/lib/gslab_make/docs/_static/fonts/RobotoSlab/roboto-slab-v7-regular.eot | 2023-07-21 21:14:25 | 78331
/scratch/users/samthau/template/lib/gslab_make/test/test_make_utility.py | 2023-07-21 21:14:26 | 4552
/scratch/users/samthau/template/lib/gslab_make/sphinx/source/conf 2.py | 2023-07-21 21:14:26 | 1537
/scratch/users/samthau/template/lib/gslab_make/test/test_modify_dir.py | 2023-07-21 21:14:26 | 7852
/scratch/users/samthau/template/lib/gslab_make/docs/pages/source_logging 2.html | 2023-07-21 21:14:25 | 9651
/scratch/users/samthau/template/lib/__init__.py | 2023-07-21 21:12:31 | 0
/scratch/users/samthau/template/lib/gslab_make/sphinx/build/html/_static/file.png | 2023-07-21 21:14:25 | 286
/scratch/users/samthau/template/lib/gslab_make/sphinx/build/html/_sources/pages/api/run_program/gslab_make.run_program.run_python.rst.txt | 2023-07-21 21:14:25 | 95
/scratch/users/samthau/template/lib/gslab_make/gslab_make/private/__pycache__/messages.cpython-311.pyc | 2023-07-21 21:56:48 | 6024
/scratch/users/samthau/template/lib/gslab_make/test/raw/move_sources/move_wildcard.txt | 2023-07-21 21:14:26 | 66
/scratch/users/samthau/template/lib/gslab_make/gslab_make/__pycache__/move_sources.cpython-311.pyc | 2023-07-21 21:56:53 | 20886
/scratch/users/samthau/template/lib/gslab_make/docs/_static/underscore-1.12.0.js | 2023-07-21 21:14:25 | 67692
/scratch/users/samthau/template/lib/gslab_make/docs/_static/js/badge_only.js | 2023-07-21 21:14:25 | 934
/scratch/users/samthau/template/lib/gslab_make/sphinx/build/html/pages/source_logging.html | 2023-07-21 21:14:26 | 10644
/scratch/users/samthau/template/lib/gslab_make/sphinx/source/pages/api/write_logs/gslab_make.write_logs.start_makelog.rst | 2023-07-21 21:14:26 | 103
/scratch/users/samthau/template/lib/gslab_make/docs/_static/sphinx_highlight.js | 2023-07-21 21:14:25 | 4712
/scratch/users/samthau/template/lib/gslab_make/build/lib/gslab_make/private/metadata.py | 2023-07-21 21:14:25 | 4133
/scratch/users/samthau/template/lib/gslab_make/sphinx/build/html/_sources/pages/program.rst.txt | 2023-07-21 21:14:25 | 2704
/scratch/users/samthau/template/lib/gslab_make/README.md | 2023-07-21 21:14:25 | 2006
/scratch/users/samthau/template/lib/gslab_make/gslab_make/write_source_logs.py | 2023-07-21 21:14:25 | 4866
/scratch/users/samthau/template/lib/gslab_make/sphinx/build/html/pages/api/run_program/gslab_make.run_program.run_matlab.html | 2023-07-21 21:14:26 | 11413
/scratch/users/samthau/template/lib/gslab_make/sphinx/build/html/pages/api/run_program/gslab_make.run_program.run_jupyter.html | 2023-07-21 21:14:26 | 10916
/scratch/users/samthau/template/lib/gslab_make/sphinx/build/html/pages/api/run_program/gslab_make.run_program.run_sas.html | 2023-07-21 21:14:26 | 11821
/scratch/users/samthau/template/lib/gslab_make/docs/pages/repository.html | 2023-07-21 21:14:25 | 11230
/scratch/users/samthau/template/lib/gslab_make/build/lib/gslab_make/write_logs.py | 2023-07-21 21:14:25 | 10665
/scratch/users/samthau/template/lib/gslab_make/sphinx/build/html/_static/fonts/RobotoSlab/roboto-slab-v7-regular.woff | 2023-07-21 21:14:26 | 86288
/scratch/users/samthau/template/lib/gslab_make/sphinx/build/html/_static/fonts/fontawesome-webfont.svg | 2023-07-21 21:14:26 | 444379
/scratch/users/samthau/template/lib/gslab_make/sphinx/build/doctrees/pages/api/make_utility/gslab_make.make_utility.update_internal_paths.doctree | 2023-07-21 21:14:25 | 8736
/scratch/users/samthau/template/lib/gslab_make/docs/_static/doctools 2.js | 2023-07-21 21:14:25 | 8171
/scratch/users/samthau/template/lib/gslab_make/sphinx/build/doctrees/pages/api/write_logs/gslab_make.write_logs.end_makelog.doctree | 2023-07-21 21:14:25 | 7377
/scratch/users/samthau/template/lib/gslab_make/docs/_static/fonts/Inconsolata-Regular.ttf | 2023-07-21 21:14:25 | 96964
/scratch/users/samthau/template/lib/gslab_make/build/lib/test/EXCLUDE_test_perl.py | 2023-07-21 21:14:25 | 8121
/scratch/users/samthau/template/lib/gslab_make/test/raw/move_sources/move_dir.txt | 2023-07-21 21:14:26 | 54
/scratch/users/samthau/template/lib/gslab_make/sphinx/build/html/_sources/pages/source_logging 2.rst.txt | 2023-07-21 21:14:25 | 380
/scratch/users/samthau/template/lib/gslab_make/sphinx/build/html/_sources/pages/filling 2.rst.txt | 2023-07-21 21:14:25 | 253
/scratch/users/samthau/template/lib/gslab_make/docs/_static/_sphinx_javascript_frameworks_compat.js | 2023-07-21 21:14:25 | 4418
/scratch/users/samthau/template/lib/gslab_make/sphinx/build/html/pages/api/write_logs/gslab_make.write_logs.end_makelog.html | 2023-07-21 21:14:26 | 6910
/scratch/users/samthau/template/lib/gslab_make/sphinx/build/doctrees/pages/api/run_program/gslab_make.run_program.execute_command.doctree | 2023-07-21 21:14:25 | 15448
/scratch/users/samthau/template/lib/gslab_make/docs/_static/fonts/Lato/lato-italic.woff | 2023-07-21 21:14:25 | 328412
/scratch/users/samthau/template/lib/gslab_make/docs/_static/fonts/RobotoSlab-Bold 2.ttf | 2023-07-21 21:14:25 | 170616
/scratch/users/samthau/template/lib/gslab_make/test/EXCLUDE_test_stata.py | 2023-07-21 21:14:26 | 8022
/scratch/users/samthau/template/lib/gslab_make/sphinx/build/html/_static/css/fonts/lato-bold-italic.woff2 | 2023-07-21 21:14:25 | 193308
/scratch/users/samthau/template/lib/gslab_make/sphinx/build/html/_static/fonts/RobotoSlab/roboto-slab-v7-bold.woff | 2023-07-21 21:14:26 | 87624
/scratch/users/samthau/template/lib/gslab_make/docs/_sources/pages/api/move_sources/gslab_make.move_sources.link_inputs.rst.txt | 2023-07-21 21:14:25 | 99
/scratch/users/samthau/template/lib/gslab_make/sphinx/build/doctrees/pages/api/modify_dir/gslab_make.modify_dir.remove_dir.doctree | 2023-07-21 21:14:25 | 10625
/scratch/users/samthau/template/lib/gslab_make/sphinx/source/pages/api/make_utility/gslab_make.make_utility.update_internal_paths.rst | 2023-07-21 21:14:26 | 129
/scratch/users/samthau/template/lib/gslab_make/docs/_static/jquery.js | 2023-07-21 21:14:25 | 89501
/scratch/users/samthau/template/lib/gslab_make/gslab_make/__pycache__/tablefill.cpython-311.pyc | 2023-07-21 21:56:55 | 24960
/scratch/users/samthau/template/lib/gslab_make/test/raw/run_program/stata_script.do | 2023-07-21 21:14:26 | 108
/scratch/users/samthau/template/lib/gslab_make/sphinx/build/html/_sources/pages/directory 2.rst.txt | 2023-07-21 21:14:25 | 344
/scratch/users/samthau/template/lib/gslab_make/docs/_static/css/fonts/lato-bold-italic.woff | 2023-07-21 21:14:25 | 323344
/scratch/users/samthau/template/lib/gslab_make/sphinx/source/pages/api/move_sources/gslab_make.move_sources.link_inputs.rst | 2023-07-21 21:14:26 | 99
/scratch/users/samthau/template/lib/gslab_make/sphinx/build/html/_static/fonts/Lato/lato-regular.ttf | 2023-07-21 21:14:25 | 607720
/scratch/users/samthau/template/lib/gslab_make/test/raw/run_program/lyx_file_comments.lyx | 2023-07-21 21:14:26 | 1694
/scratch/users/samthau/template/lib/gslab_make/docs/_static/css/fonts/fontawesome-webfont.svg | 2023-07-21 21:14:25 | 444379
/scratch/users/samthau/template/lib/gslab_make/sphinx/source/conf.py | 2023-07-21 21:14:26 | 1537
/scratch/users/samthau/template/lib/gslab_make/sphinx/build/doctrees/pages/api/make_utility/gslab_make.make_utility.update_paths.doctree | 2023-07-21 21:14:25 | 7155
/scratch/users/samthau/template/lib/gslab_make/docs/_static/jquery-3.6.0.js | 2023-07-21 21:14:25 | 288580
/scratch/users/samthau/template/lib/gslab_make/test/raw/move_sources/move_bad.txt | 2023-07-21 21:14:26 | 31
/scratch/users/samthau/template/lib/gslab_make/sphinx/source/pages/general_logging 2.rst | 2023-07-21 21:14:26 | 655
/scratch/users/samthau/template/lib/gslab_make/test/raw/run_program/python_script_arg.py | 2023-07-21 21:14:26 | 180
/scratch/users/samthau/template/lib/gslab_make/docs/pages/api/run_program/gslab_make.run_program.run_module.html | 2023-07-21 21:14:25 | 10437
/scratch/users/samthau/template/lib/gslab_make/sphinx/source/pages/api/run_program/gslab_make.run_program.run_lyx.rst | 2023-07-21 21:14:26 | 86
/scratch/users/samthau/template/lib/gslab_make/sphinx/build/html/pages/api/move_sources/gslab_make.move_sources.link_externals.html | 2023-07-21 21:14:26 | 12526
/scratch/users/samthau/template/lib/gslab_make/sphinx/build/html/_sources/pages/api/modify_dir/gslab_make.modify_dir.clear_dir.rst.txt | 2023-07-21 21:14:25 | 91
/scratch/users/samthau/template/lib/gslab_make/docs/objects.inv | 2023-07-21 21:14:25 | 1957
/scratch/users/samthau/template/lib/gslab_make/docs/_static/css/fonts/fontawesome-webfont.eot | 2023-07-21 21:14:25 | 165742
/scratch/users/samthau/template/lib/gslab_make/test/raw/run_program/wrong_extension.txt | 2023-07-21 21:14:26 | 0
/scratch/users/samthau/template/lib/gslab_make/docs/_static/fonts/RobotoSlab/roboto-slab-v7-regular 2.woff2 | 2023-07-21 21:14:25 | 66444
/scratch/users/samthau/template/lib/gslab_make/docs/_sources/pages/api/run_program/gslab_make.run_program.run_lyx.rst.txt | 2023-07-21 21:14:25 | 86
/scratch/users/samthau/template/lib/gslab_make/sphinx/build/html/_static/plus.png | 2023-07-21 21:14:26 | 90
/scratch/users/samthau/template/lib/gslab_make/sphinx/build/html/_static/fonts/RobotoSlab/roboto-slab-v7-bold.ttf | 2023-07-21 21:14:26 | 170616
/scratch/users/samthau/template/lib/gslab_make/sphinx/build/html/pages/api/run_program/gslab_make.run_program.run_perl.html | 2023-07-21 21:14:26 | 11413
/scratch/users/samthau/template/lib/gslab_make/docs/pages/api/write_logs/gslab_make.write_logs.end_makelog.html | 2023-07-21 21:14:25 | 6910
/scratch/users/samthau/template/lib/gslab_make/test/raw/run_program/python_script_error.py | 2023-07-21 21:14:26 | 5
/scratch/users/samthau/template/lib/gslab_make/sphinx/build/html/pages/api/run_program/gslab_make.run_program.run_latex.html | 2023-07-21 21:14:26 | 11862
/scratch/users/samthau/template/lib/gslab_make/sphinx/build/doctrees/pages/api/modify_dir/gslab_make.modify_dir.zip_dir.doctree | 2023-07-21 21:14:25 | 7138
/scratch/users/samthau/template/lib/gslab_make/sphinx/build/html/_sources/pages/api/run_program/gslab_make.run_program.run_stata.rst.txt | 2023-07-21 21:14:25 | 92
/scratch/users/samthau/template/lib/gslab_make/docs/index.html | 2023-07-21 21:14:25 | 7518
/scratch/users/samthau/template/lib/gslab_make/docs/_sources/pages/api/run_program/gslab_make.run_program.run_python.rst.txt | 2023-07-21 21:14:25 | 95
/scratch/users/samthau/template/lib/gslab_make/test/EXCLUDE_test_perl.py | 2023-07-21 21:14:26 | 8121
/scratch/users/samthau/template/lib/gslab_make/sphinx/build/doctrees/pages/api/run_program/gslab_make.run_program.run_python.doctree | 2023-07-21 21:14:25 | 18563
/scratch/users/samthau/template/lib/gslab_make/sphinx/build/html/_static/fonts/Lato/lato-regular.woff2 | 2023-07-21 21:14:25 | 182708
/scratch/users/samthau/template/lib/gslab_make/docs/_sources/pages/api/make_utility/gslab_make.make_utility.copy_output.rst.txt | 2023-07-21 21:14:25 | 99
/scratch/users/samthau/template/lib/gslab_make/setup.py | 2023-07-21 21:14:25 | 738
/scratch/users/samthau/template/lib/gslab_make/gslab_make/private/programdirective.py | 2023-07-21 21:14:25 | 10360
/scratch/users/samthau/template/lib/gslab_make/sphinx/build/html/pages/directory 2.html | 2023-07-21 21:14:26 | 11409
/scratch/users/samthau/template/lib/gslab_make/sphinx/build/html/pages/api/run_program/gslab_make.run_program.run_r.html | 2023-07-21 21:14:26 | 11326
/scratch/users/samthau/template/lib/gslab_make/sphinx/build/html/_sources/pages/api/run_program/gslab_make.run_program.run_latex.rst.txt | 2023-07-21 21:14:25 | 92
/scratch/users/samthau/template/lib/gslab_make/sphinx/source/pages/api/run_program/gslab_make.run_program.run_python.rst | 2023-07-21 21:14:26 | 95
/scratch/users/samthau/template/lib/gslab_make/sphinx/source/pages/filling.rst | 2023-07-21 21:14:26 | 253
/scratch/users/samthau/template/lib/gslab_make/docs/objects 2.inv | 2023-07-21 21:14:25 | 1891
/scratch/users/samthau/template/lib/gslab_make/docs/_static/underscore-1.3.1.js | 2023-07-21 21:14:25 | 35168
/scratch/users/samthau/template/lib/gslab_make/sphinx/build/html/_static/fonts/fontawesome-webfont.woff | 2023-07-21 21:14:26 | 98024
/scratch/users/samthau/template/lib/gslab_make/docs/pages/api/run_program/gslab_make.run_program.run_lyx.html | 2023-07-21 21:14:25 | 12309
/scratch/users/samthau/template/lib/gslab_make/gslab_make/private/__pycache__/movedirective.cpython-311.pyc | 2023-07-21 21:56:54 | 19253
/scratch/users/samthau/template/lib/gslab_make/sphinx/build/html/_static/doctools.js | 2023-07-21 21:14:25 | 4472
/scratch/users/samthau/template/lib/gslab_make/docs/pages/api/run_program/gslab_make.run_program.run_jupyter.html | 2023-07-21 21:14:25 | 10916
/scratch/users/samthau/template/lib/gslab_make/sphinx/build/html/_sources/pages/api/run_program/gslab_make.run_program.run_jupyter.rst.txt | 2023-07-21 21:14:25 | 98
/scratch/users/samthau/template/lib/gslab_make/docs/_static/fonts/Lato/lato-bold.eot | 2023-07-21 21:14:25 | 256056
/scratch/users/samthau/template/lib/gslab_make/sphinx/build/doctrees/pages/utility.doctree | 2023-07-21 21:14:25 | 28357
/scratch/users/samthau/template/lib/gslab_make/sphinx/build/html/_static/fonts/Lato/lato-italic.ttf | 2023-07-21 21:14:25 | 639388
/scratch/users/samthau/template/lib/gslab_make/gslab_make/private/exceptionclasses.py | 2023-07-21 21:14:25 | 943
/scratch/users/samthau/template/lib/gslab_make/docs/search.html | 2023-07-21 21:14:25 | 4762
/scratch/users/samthau/template/lib/gslab_make/sphinx/build/html/_static/fonts/Lato/lato-bold.woff | 2023-07-21 21:14:25 | 309728
/scratch/users/samthau/template/lib/gslab_make/docs/_static/fonts/Lato/lato-bold.woff2 | 2023-07-21 21:14:25 | 184912
/scratch/users/samthau/template/lib/gslab_make/test/raw/tablefill/tablefill_template_extra_input.lyx | 2023-07-21 21:14:26 | 1736
/scratch/users/samthau/template/lib/gslab_make/build/lib/test/test_modify_dir.py | 2023-07-21 21:14:25 | 7852
/scratch/users/samthau/template/lib/gslab_make/build/lib/test/test_tablefill.py | 2023-07-21 21:14:25 | 4248
/scratch/users/samthau/template/lib/gslab_make/sphinx/build/html/pages/general_logging.html | 2023-07-21 21:14:26 | 14709
/scratch/users/samthau/template/lib/gslab_make/gslab_make/__pycache__/__init__.cpython-311.pyc | 2023-07-21 21:56:47 | 2472
/scratch/users/samthau/template/lib/gslab_make/docs/_static/css/badge_only.css | 2023-07-21 21:14:25 | 3229
/scratch/users/samthau/template/lib/gslab_make/docs/pages/api/write_logs/gslab_make.write_logs.start_makelog.html | 2023-07-21 21:14:25 | 7076
/scratch/users/samthau/template/lib/gslab_make/sphinx/build/html/_static/js/theme.js | 2023-07-21 21:14:26 | 5023
/scratch/users/samthau/template/lib/gslab_make/build/lib/test/test_makelog.py | 2023-07-21 21:14:25 | 2308
/scratch/users/samthau/template/lib/gslab_make/test/raw/run_program/r_script_error.R | 2023-07-21 21:14:26 | 5
/scratch/users/samthau/template/lib/gslab_make/sphinx/source/pages/directory.rst | 2023-07-21 21:14:26 | 344
/scratch/users/samthau/template/lib/gslab_make/sphinx/source/pages/utility 2.rst | 2023-07-21 21:14:26 | 327
/scratch/users/samthau/template/lib/gslab_make/docs/_static/fonts/Lato-Bold.ttf | 2023-07-21 21:14:25 | 656544
/scratch/users/samthau/template/lib/gslab_make/docs/_sources/pages/dummy 2.rst.txt | 2023-07-21 21:14:25 | 741
/scratch/users/samthau/template/lib/gslab_make/sphinx/build/doctrees/pages/api/run_program/gslab_make.run_program.run_latex.doctree | 2023-07-21 21:14:25 | 20056
/scratch/users/samthau/template/lib/gslab_make/sphinx/build/html/_static/css/fonts/lato-normal-italic.woff2 | 2023-07-21 21:14:25 | 195704
/scratch/users/samthau/template/lib/gslab_make/sphinx/build/html/_sources/pages/api/make_utility/gslab_make.make_utility.copy_output.rst.txt | 2023-07-21 21:14:25 | 99
/scratch/users/samthau/template/lib/gslab_make/build/lib/gslab_make/private/movedirective.py | 2023-07-21 21:14:25 | 12767
/scratch/users/samthau/template/lib/gslab_make/sphinx/build/html/_static/fonts/RobotoSlab/roboto-slab-v7-regular.ttf | 2023-07-21 21:14:26 | 169064
/scratch/users/samthau/template/lib/gslab_make/sphinx/build/html/pages/api/make_utility/gslab_make.make_utility.update_executables.html | 2023-07-21 21:14:26 | 7481
/scratch/users/samthau/template/raw/chips.csv | 2023-07-21 21:12:39 | 8758851
/scratch/users/samthau/template/lib/gslab_make/sphinx/build/html/_static/underscore-1.12.0.js | 2023-07-21 21:14:26 | 67692
/scratch/users/samthau/template/lib/gslab_make/sphinx/source/pages/api/run_program/gslab_make.run_program.run_latex.rst | 2023-07-21 21:14:26 | 92
/scratch/users/samthau/template/lib/gslab_make/gslab_make/textfill_info.py | 2023-07-21 21:14:25 | 6314
/scratch/users/samthau/template/lib/gslab_make/build/lib/gslab_make/tablefill.py | 2023-07-21 21:14:25 | 20325
/scratch/users/samthau/template/lib/gslab_make/sphinx/build/html/_sources/pages/api/move_sources/gslab_make.move_sources.link_inputs.rst.txt | 2023-07-21 21:14:25 | 99
/scratch/users/samthau/template/lib/gslab_make/test/__init__.py | 2023-07-21 21:14:26 | 0
/scratch/users/samthau/template/lib/gslab_make/docs/_static/fonts/Lato/lato-italic.eot | 2023-07-21 21:14:25 | 268604
/scratch/users/samthau/template/lib/gslab_make/gslab_make/private/messages.py | 2023-07-21 21:14:25 | 5991
/scratch/users/samthau/template/lib/gslab_make/gslab_make/__pycache__/write_source_logs.cpython-311.pyc | 2023-07-21 21:56:55 | 6653
/scratch/users/samthau/template/lib/gslab_make/gslab_make/__pycache__/check_repo.cpython-311.pyc | 2023-07-21 21:56:47 | 22807
/scratch/users/samthau/template/lib/gslab_make/sphinx/build/html/_sources/pages/api/check_repo/gslab_make.check_repo.get_modified_sources.rst.txt | 2023-07-21 21:14:25 | 124
/scratch/users/samthau/template/lib/gslab_make/test/raw/move_sources/move_bad_wildcard.txt | 2023-07-21 21:14:26 | 112
/scratch/users/samthau/template/lib/gslab_make/docs/_static/underscore-1.12.0 2.js | 2023-07-21 21:14:25 | 67692
/scratch/users/samthau/template/lib/gslab_make/sphinx/build/html/pages/api/modify_dir/gslab_make.modify_dir.remove_dir.html | 2023-07-21 21:14:26 | 8068
/scratch/users/samthau/template/lib/gslab_make/docs/_static/js/theme.js | 2023-07-21 21:14:25 | 5023
/scratch/users/samthau/template/lib/gslab_make/sphinx/build/doctrees/pages/api/move_sources/gslab_make.move_sources.link_inputs.doctree | 2023-07-21 21:14:25 | 21381
/scratch/users/samthau/template/lib/gslab_make/sphinx/build/doctrees/pages/api/check_repo/gslab_make.check_repo.check_conda_status.doctree | 2023-07-21 21:14:25 | 6185
/scratch/users/samthau/template/lib/gslab_make/sphinx/build/html/pages/api/write_logs/gslab_make.write_logs.write_to_makelog.html | 2023-07-21 21:14:26 | 6964
/scratch/users/samthau/template/lib/gslab_make/docs/pages/general_logging 2.html | 2023-07-21 21:14:25 | 13422
/scratch/users/samthau/template/lib/gslab_make/docs/pages/filling 2.html | 2023-07-21 21:14:25 | 15857
/scratch/users/samthau/template/lib/gslab_make/sphinx/build/html/_static/graphviz.css | 2023-07-21 21:14:26 | 299
/scratch/users/samthau/template/lib/gslab_make/sphinx/build/html/_static/underscore.js | 2023-07-21 21:14:26 | 19530
/scratch/users/samthau/template/lib/gslab_make/test/raw/move_sources/move_bad_key.txt | 2023-07-21 21:14:26 | 48
/scratch/users/samthau/template/lib/gslab_make/docs/pages/dummy.html | 2023-07-21 21:14:25 | 18203
/scratch/users/samthau/template/lib/gslab_make/gslab_make/private/__pycache__/metadata.cpython-311.pyc | 2023-07-21 21:56:48 | 2625
/scratch/users/samthau/template/lib/gslab_make/build/lib/test/test_python.py | 2023-07-21 21:14:25 | 7056
/scratch/users/samthau/template/lib/gslab_make/docs/_static/fonts/fontawesome-webfont.ttf | 2023-07-21 21:14:25 | 165548
/scratch/users/samthau/template/lib/gslab_make/sphinx/build/doctrees/pages/filling.doctree | 2023-07-21 21:14:25 | 28794
/scratch/users/samthau/template/lib/gslab_make/sphinx/build/doctrees/pages/api/tablefill/gslab_make.tablefill.tablefill.doctree | 2023-07-21 21:14:25 | 27880
/scratch/users/samthau/template/lib/gslab_make/sphinx/build/html/_sources/pages/repository.rst.txt | 2023-07-21 21:14:25 | 363
/scratch/users/samthau/template/lib/gslab_make/sphinx/build/html/_static/fonts/RobotoSlab/roboto-slab-v7-bold.woff2 | 2023-07-21 21:14:26 | 67312
/scratch/users/samthau/template/lib/gslab_make/sphinx/build/html/_static/fonts/Inconsolata-Bold.ttf | 2023-07-21 21:14:25 | 109948
/scratch/users/samthau/template/lib/gslab_make/docs/pages/api/make_utility/gslab_make.make_utility.update_executables.html | 2023-07-21 21:14:25 | 7481
/scratch/users/samthau/template/lib/gslab_make/sphinx/build/html/_static/fonts/Lato/lato-bolditalic.woff | 2023-07-21 21:14:25 | 323344
/scratch/users/samthau/template/lib/gslab_make/test/raw/move_sources/move_missing.txt | 2023-07-21 21:14:26 | 80
/scratch/users/samthau/template/lib/gslab_make/sphinx/source/pages/specifying_paths.rst | 2023-07-21 21:14:26 | 2616
/scratch/users/samthau/template/lib/gslab_make/sphinx/build/html/_sources/pages/api/modify_dir/gslab_make.modify_dir.zip_dir.rst.txt | 2023-07-21 21:14:25 | 85
/scratch/users/samthau/template/lib/gslab_make/docs/pages/api/write_logs/gslab_make.write_logs.write_to_makelog.html | 2023-07-21 21:14:25 | 6964
/scratch/users/samthau/template/lib/gslab_make/sphinx/build/html/_static/fonts/Lato/lato-bold.ttf | 2023-07-21 21:14:25 | 600856
/scratch/users/samthau/template/lib/gslab_make/docs/_static/css/fonts/lato-normal.woff2 | 2023-07-21 21:14:25 | 182708
/scratch/users/samthau/template/lib/gslab_make/docs/pages/api/check_repo/gslab_make.check_repo.check_conda_status.html | 2023-07-21 21:14:25 | 7229
/scratch/users/samthau/template/lib/gslab_make/sphinx/source/pages/api/run_program/gslab_make.run_program.execute_command.rst | 2023-07-21 21:14:26 | 110
/scratch/users/samthau/template/lib/gslab_make/sphinx/build/html/_sources/pages/api/move_sources/gslab_make.move_sources.copy_externals.rst.txt | 2023-07-21 21:14:25 | 108
/scratch/users/samthau/template/lib/gslab_make/sphinx/build/html/_sources/pages/sourcing.rst.txt | 2023-07-21 21:14:25 | 548
/scratch/users/samthau/template/lib/gslab_make/docs/_static/css/theme.css | 2023-07-21 21:14:25 | 131657
/scratch/users/samthau/template/lib/gslab_make/docs/_static/fonts/Lato-Bold 2.ttf | 2023-07-21 21:14:25 | 656544
/scratch/users/samthau/template/lib/gslab_make/sphinx/build/doctrees/pages/utility 2.doctree | 2023-07-21 21:14:25 | 28361
/scratch/users/samthau/template/lib/gslab_make/test/raw/tablefill/tablefill_template_too_many_values.lyx | 2023-07-21 21:14:26 | 4701
/scratch/users/samthau/template/lib/gslab_make/docs/_static/fonts/RobotoSlab-Regular.ttf | 2023-07-21 21:14:25 | 169064
/scratch/users/samthau/template/lib/gslab_make/build/lib/gslab_make/__init__.py | 2023-07-21 21:14:25 | 2696
/scratch/users/samthau/template/lib/gslab_make/sphinx/build/html/pages/repository.html | 2023-07-21 21:14:26 | 11230
/scratch/users/samthau/template/lib/gslab_make/sphinx/source/pages/api/run_program/gslab_make.run_program.run_stata.rst | 2023-07-21 21:14:26 | 92
/scratch/users/samthau/template/lib/gslab_make/build/lib/gslab_make/private/__init__.py | 2023-07-21 21:14:25 | 0
/scratch/users/samthau/template/lib/gslab_make/docs/_sources/pages/api/run_program/gslab_make.run_program.run_mathematica.rst.txt | 2023-07-21 21:14:25 | 110
/scratch/users/samthau/template/lib/gslab_make/docs/_static/css/fonts/fontawesome-webfont.woff2 | 2023-07-21 21:14:25 | 77160
/scratch/users/samthau/template/lib/gslab_make/docs/_sources/pages/api/make_utility/gslab_make.make_utility.update_paths.rst.txt | 2023-07-21 21:14:25 | 102
/scratch/users/samthau/template/lib/gslab_make/sphinx/build/doctrees/pages/sourcing 2.doctree | 2023-07-21 21:14:25 | 78998
/scratch/users/samthau/template/lib/gslab_make/sphinx/build/html/pages/directory.html | 2023-07-21 21:14:26 | 12728
/scratch/users/samthau/template/lib/gslab_make/sphinx/build/doctrees/pages/repository.doctree | 2023-07-21 21:14:25 | 25020
/scratch/users/samthau/template/lib/gslab_make/sphinx/build/html/pages/source_logging 2.html | 2023-07-21 21:14:26 | 9651
/scratch/users/samthau/template/lib/gslab_make/sphinx/build/html/_static/fonts/fontawesome-webfont.woff2 | 2023-07-21 21:14:26 | 77160
/scratch/users/samthau/template/lib/gslab_make/gslab_make/private/metadata.py | 2023-07-21 21:14:25 | 4133
/scratch/users/samthau/template/lib/gslab_make/docs/_static/underscore-1.3.1 2.js | 2023-07-21 21:14:25 | 35168
/scratch/users/samthau/template/lib/gslab_make/sphinx/build/html/_sources/pages/api/write_logs/gslab_make.write_logs.start_makelog.rst.txt | 2023-07-21 21:14:25 | 103
/scratch/users/samthau/template/lib/gslab_make/gslab_make/private/utility.py | 2023-07-21 21:14:25 | 8202
/scratch/users/samthau/template/lib/gslab_make/test/raw/move_sources/file space.txt | 2023-07-21 21:14:26 | 0
/scratch/users/samthau/template/lib/gslab_make/test/raw/run_program/python_script space.py | 2023-07-21 21:14:26 | 169
/scratch/users/samthau/template/lib/gslab_make/docs/pages/api/run_program/gslab_make.run_program.execute_command.html | 2023-07-21 21:14:25 | 11312
/scratch/users/samthau/template/lib/gslab_make/test/raw/run_program/lyx_file.lyx | 2023-07-21 21:14:26 | 1608
/scratch/users/samthau/template/lib/gslab_make/sphinx/build/doctrees/pages/general_logging 2.doctree | 2023-07-21 21:14:25 | 35515
/scratch/users/samthau/template/lib/gslab_make/gslab_make/modify_dir.py | 2023-07-21 21:14:25 | 7384
/scratch/users/samthau/template/lib/gslab_make/build/lib/test/EXCLUDE_test_lyx.py | 2023-07-21 21:14:25 | 9277
/scratch/users/samthau/template/lib/gslab_make/docs/pages/utility.html | 2023-07-21 21:14:25 | 12008
/scratch/users/samthau/template/lib/gslab_make/sphinx/source/pages/api/make_utility/gslab_make.make_utility.update_external_paths.rst | 2023-07-21 21:14:26 | 129
/scratch/users/samthau/template/lib/gslab_make/sphinx/build/html/pages/api/run_program/gslab_make.run_program.run_stata.html | 2023-07-21 21:14:26 | 11692
/scratch/users/samthau/template/lib/gslab_make/sphinx/source/pages/api/move_sources/gslab_make.move_sources.copy_externals.rst | 2023-07-21 21:14:26 | 108
/scratch/users/samthau/template/lib/gslab_make/docs/_sources/pages/source_logging 2.rst.txt | 2023-07-21 21:14:25 | 380
/scratch/users/samthau/template/lib/gslab_make/sphinx/build/html/pages/api/modify_dir/gslab_make.modify_dir.zip_dir.html | 2023-07-21 21:14:26 | 6668
/scratch/users/samthau/template/lib/gslab_make/sphinx/build/doctrees/pages/source_logging 2.doctree | 2023-07-21 21:14:25 | 20528
/scratch/users/samthau/template/lib/gslab_make/test/raw/tablefill/tablefill_template.tex | 2023-07-21 21:14:26 | 942
/scratch/users/samthau/template/lib/gslab_make/sphinx/build/html/_static/css/fonts/fontawesome-webfont.woff2 | 2023-07-21 21:14:25 | 77160
/scratch/users/samthau/template/lib/gslab_make/docs/_sources/pages/directory 2.rst.txt | 2023-07-21 21:14:25 | 344
/scratch/users/samthau/template/lib/gslab_make/docs/_static/language_data.js | 2023-07-21 21:14:25 | 4758
/scratch/users/samthau/template/lib/gslab_make/docs/pages/api/write_source_logs/gslab_make.write_source_logs.write_source_logs.html | 2023-07-21 21:14:25 | 10459
/scratch/users/samthau/template/lib/gslab_make/sphinx/build/html/_static/jquery.js | 2023-07-21 21:14:26 | 89501
/scratch/users/samthau/template/lib/gslab_make/sphinx/build/html/pages/sourcing.html | 2023-07-21 21:14:26 | 33056
/scratch/users/samthau/template/lib/gslab_make/docs/_sources/pages/api/run_program/gslab_make.run_program.run_jupyter.rst.txt | 2023-07-21 21:14:25 | 98
/scratch/users/samthau/template/lib/gslab_make/docs/genindex.html | 2023-07-21 21:14:25 | 13095
/scratch/users/samthau/template/lib/gslab_make/test/raw/move_sources/file.txt | 2023-07-21 21:14:26 | 0
/scratch/users/samthau/template/lib/gslab_make/docs/_static/jquery-3.2.1.js | 2023-07-21 21:14:25 | 268039
/scratch/users/samthau/template/lib/gslab_make/test/raw/log_sources/move_recursion.txt | 2023-07-21 21:14:26 | 34
/scratch/users/samthau/template/lib/gslab_make/docs/_static/fonts/RobotoSlab/roboto-slab-v7-bold.eot | 2023-07-21 21:14:25 | 79520
/scratch/users/samthau/template/lib/gslab_make/docs/_static/css/fonts/Roboto-Slab-Bold.woff | 2023-07-21 21:14:25 | 87624
/scratch/users/samthau/template/lib/gslab_make/docs/pages/api/check_repo/gslab_make.check_repo.get_modified_sources.html | 2023-07-21 21:14:25 | 8805
/scratch/users/samthau/template/lib/gslab_make/sphinx/source/pages/api/modify_dir/gslab_make.modify_dir.unzip.rst | 2023-07-21 21:14:26 | 79
/scratch/users/samthau/template/lib/gslab_make/sphinx/build/doctrees/pages/directory.doctree | 2023-07-21 21:14:25 | 27253
/scratch/users/samthau/template/lib/gslab_make/docs/_static/documentation_options.js | 2023-07-21 21:14:25 | 420
/scratch/users/samthau/template/lib/gslab_make/docs/_sources/pages/api/write_source_logs/gslab_make.write_source_logs.write_source_logs.rst.txt | 2023-07-21 21:14:25 | 122
/scratch/users/samthau/template/lib/gslab_make/docs/pages/source_logging.html | 2023-07-21 21:14:25 | 10644
/scratch/users/samthau/template/lib/gslab_make/sphinx/build/html/pages/api/tablefill/gslab_make.tablefill.tablefill.html | 2023-07-21 21:14:26 | 16380
/scratch/users/samthau/template/lib/gslab_make/build/lib/gslab_make/check_repo.py | 2023-07-21 21:14:25 | 14471
/scratch/users/samthau/template/lib/gslab_make/docs/pages/api/run_program/gslab_make.run_program.run_stat_transfer.html | 2023-07-21 21:14:25 | 11549
/scratch/users/samthau/template/lib/gslab_make/docs/_static/fonts/Lato/lato-bolditalic.eot | 2023-07-21 21:14:25 | 266158
/scratch/users/samthau/template/lib/gslab_make/docs/pages/api/run_program/gslab_make.run_program.run_mathematica.html | 2023-07-21 21:14:25 | 11436
/scratch/users/samthau/template/lib/gslab_make/docs/_static/css/fonts/Roboto-Slab-Regular.woff2 | 2023-07-21 21:14:25 | 66444
/scratch/users/samthau/template/lib/gslab_make/sphinx/build/html/_static/fonts/Lato/lato-italic.woff | 2023-07-21 21:14:25 | 328412
/scratch/users/samthau/template/lib/gslab_make/docs/_sources/pages/utility 2.rst.txt | 2023-07-21 21:14:25 | 327
/scratch/users/samthau/template/lib/gslab_make/docs/pages/api/write_logs/gslab_make.write_logs.log_files_in_output.html | 2023-07-21 21:14:25 | 10098
/scratch/users/samthau/template/lib/gslab_make/sphinx/build/html/_sources/pages/specifying_paths.rst.txt | 2023-07-21 21:14:25 | 2616
/scratch/users/samthau/template/lib/gslab_make/docs/_sources/pages/sourcing.rst.txt | 2023-07-21 21:14:25 | 548
/scratch/users/samthau/template/lib/gslab_make/gslab_make/__pycache__/textfill_info.cpython-311.pyc | 2023-07-21 21:56:55 | 6543
/scratch/users/samthau/template/lib/gslab_make/sphinx/build/doctrees/pages/api/make_utility/gslab_make.make_utility.update_external_paths.doctree | 2023-07-21 21:14:25 | 9851
/scratch/users/samthau/template/lib/gslab_make/docs/_static/fonts/RobotoSlab/roboto-slab-v7-bold 2.woff2 | 2023-07-21 21:14:25 | 67312
/scratch/users/samthau/template/lib/gslab_make/gslab_make/private/__pycache__/utility.cpython-311.pyc | 2023-07-21 21:56:53 | 10129
/scratch/users/samthau/template/lib/gslab_make/sphinx/build/html/_sources/pages/api/run_program/gslab_make.run_program.run_module.rst.txt | 2023-07-21 21:14:25 | 95
/scratch/users/samthau/template/lib/gslab_make/docs/pages/api/modify_dir/gslab_make.modify_dir.zip_dir.html | 2023-07-21 21:14:25 | 6668
/scratch/users/samthau/template/lib/gslab_make/docs/_sources/pages/api/tablefill/gslab_make.tablefill.tablefill.rst.txt | 2023-07-21 21:14:25 | 90
/scratch/users/samthau/template/lib/gslab_make/sphinx/source/index.rst | 2023-07-21 21:14:26 | 1039
/scratch/users/samthau/template/lib/gslab_make/gslab_make/private/subprocess_fix.py | 2023-07-21 21:14:25 | 5428
/scratch/users/samthau/template/lib/gslab_make/gslab_make/__pycache__/run_program.cpython-311.pyc | 2023-07-21 21:56:54 | 45827
/scratch/users/samthau/template/lib/gslab_make/build/lib/test/test_make_utility.py | 2023-07-21 21:14:25 | 4552
/scratch/users/samthau/template/lib/gslab_make/docs/_sources/pages/api/check_repo/gslab_make.check_repo.check_module_size.rst.txt | 2023-07-21 21:14:25 | 115
/scratch/users/samthau/template/lib/gslab_make/test/raw/run_program/r_script.R | 2023-07-21 21:14:26 | 100
/scratch/users/samthau/template/lib/gslab_make/sphinx/build/doctrees/pages/api/run_program/gslab_make.run_program.run_matlab.doctree | 2023-07-21 21:14:25 | 18438
/scratch/users/samthau/template/lib/gslab_make/sphinx/build/html/_static/jquery-3.6.0.js | 2023-07-21 21:14:26 | 288580
/scratch/users/samthau/template/lib/gslab_make/test/raw/log_sources/move.txt | 2023-07-21 21:14:26 | 53
/scratch/users/samthau/template/lib/gslab_make/docs/_sources/pages/utility.rst.txt | 2023-07-21 21:14:25 | 327
/scratch/users/samthau/template/lib/gslab_make/sphinx/build/doctrees/pages/dummy.doctree | 2023-07-21 21:14:25 | 51378
/scratch/users/samthau/template/lib/gslab_make/docs/_static/underscore-1.13.1.js | 2023-07-21 21:14:25 | 68420
/scratch/users/samthau/template/lib/gslab_make/docs/_static/underscore-1.13.1 2.js | 2023-07-21 21:14:25 | 68420
/scratch/users/samthau/template/lib/gslab_make/sphinx/make.bat | 2023-07-21 21:14:26 | 941
/scratch/users/samthau/template/lib/gslab_make/sphinx/source/pages/api/run_program/gslab_make.run_program.run_matlab.rst | 2023-07-21 21:14:26 | 95
/scratch/users/samthau/template/lib/gslab_make/sphinx/build/html/_static/css/fonts/Roboto-Slab-Regular.woff2 | 2023-07-21 21:14:25 | 66444
/scratch/users/samthau/template/lib/gslab_make/test/raw/run_program/matlab_script space.m | 2023-07-21 21:14:26 | 84
/scratch/users/samthau/template/lib/gslab_make/sphinx/source/pages/source_logging 2.rst | 2023-07-21 21:14:26 | 380
/scratch/users/samthau/template/lib/gslab_make/build/lib/test/test_move_sources.py | 2023-07-21 21:14:25 | 7274
/scratch/users/samthau/template/lib/gslab_make/gslab_make/tablefill_info.py | 2023-07-21 21:14:25 | 8432
/scratch/users/samthau/template/lib/gslab_make/docs/pages/api/run_program/gslab_make.run_program.run_r.html | 2023-07-21 21:14:25 | 11326
/scratch/users/samthau/template/lib/gslab_make/sphinx/build/html/_sources/pages/api/check_repo/gslab_make.check_repo.check_module_size.rst.txt | 2023-07-21 21:14:25 | 115
/scratch/users/samthau/template/lib/gslab_make/sphinx/build/html/pages/api/modify_dir/gslab_make.modify_dir.clear_dir.html | 2023-07-21 21:14:26 | 7869
/scratch/users/samthau/template/lib/gslab_make/sphinx/build/html/objects.inv | 2023-07-21 21:14:26 | 1957
/scratch/users/samthau/template/lib/gslab_make/sphinx/build/html/_static/css/fonts/fontawesome-webfont.woff | 2023-07-21 21:14:25 | 98024
/scratch/users/samthau/template/lib/gslab_make/sphinx/build/html/_static/searchtools.js | 2023-07-21 21:14:26 | 18215
/scratch/users/samthau/template/lib/gslab_make/test/raw/run_program/matlab_script.m | 2023-07-21 21:14:26 | 84
/scratch/users/samthau/template/lib/gslab_make/build/lib/test/EXCLUDE_test_stata.py | 2023-07-21 21:14:25 | 8010
/scratch/users/samthau/template/lib/gslab_make/test/EXCLUDE_test_lyx.py | 2023-07-21 21:14:26 | 9277
/scratch/users/samthau/template/lib/gslab_make/sphinx/source/pages/filling 2.rst | 2023-07-21 21:14:26 | 253
/scratch/users/samthau/template/lib/gslab_make/docs/_static/fonts/Lato/lato-italic.woff2 | 2023-07-21 21:14:25 | 195704
/scratch/users/samthau/template/lib/gslab_make/sphinx/build/html/_static/fonts/RobotoSlab/roboto-slab-v7-regular.woff2 | 2023-07-21 21:14:26 | 66444
/scratch/users/samthau/template/lib/gslab_make/docs/_static/_sphinx_javascript_frameworks_compat 2.js | 2023-07-21 21:14:25 | 4418
/scratch/users/samthau/template/lib/gslab_make/sphinx/build/html/_static/minus.png | 2023-07-21 21:14:26 | 90
/scratch/users/samthau/template/lib/gslab_make/sphinx/build/html/pages/utility 2.html | 2023-07-21 21:14:26 | 10474
/scratch/users/samthau/template/lib/gslab_make/sphinx/build/html/pages/api/run_program/gslab_make.run_program.run_module.html | 2023-07-21 21:14:26 | 10437
/scratch/users/samthau/template/lib/gslab_make/test/raw/tablefill/tablefill.txt | 2023-07-21 21:14:26 | 66
/scratch/users/samthau/template/lib/gslab_make/sphinx/build/html/pages/api/modify_dir/gslab_make.modify_dir.unzip.html | 2023-07-21 21:14:26 | 6701
/scratch/users/samthau/template/lib/gslab_make/gslab_make/private/__pycache__/programdirective.cpython-311.pyc | 2023-07-21 21:56:55 | 15632
/scratch/users/samthau/template/lib/gslab_make/test/raw/run_program/stata_script_error.do | 2023-07-21 21:14:26 | 5
/scratch/users/samthau/template/lib/gslab_make/docs/_sources/pages/api/move_sources/gslab_make.move_sources.link_externals.rst.txt | 2023-07-21 21:14:25 | 108
/scratch/users/samthau/template/lib/gslab_make/docs/_static/fonts/fontawesome-webfont 2.woff | 2023-07-21 21:14:25 | 98024
/scratch/users/samthau/template/lib/gslab_make/sphinx/build/html/pages/api/move_sources/gslab_make.move_sources.copy_externals.html | 2023-07-21 21:14:26 | 12303
/scratch/users/samthau/template/lib/gslab_make/sphinx/build/doctrees/pages/api/write_source_logs/gslab_make.write_source_logs.write_source_logs.doctree | 2023-07-21 21:14:25 | 19320
/scratch/users/samthau/template/lib/gslab_make/docs/_static/fonts/fontawesome-webfont.woff2 | 2023-07-21 21:14:25 | 77160
/scratch/users/samthau/template/lib/gslab_make/test/raw/tablefill/tablefill_template_missing_input.lyx | 2023-07-21 21:14:26 | 4264
/scratch/users/samthau/template/lib/gslab_make/docs/_static/fonts/Lato/lato-bold.ttf | 2023-07-21 21:14:25 | 600856
/scratch/users/samthau/template/lib/gslab_make/docs/_static/searchtools 2.js | 2023-07-21 21:14:25 | 17120
/scratch/users/samthau/template/lib/gslab_make/docs/_static/jquery-3.5.1.js | 2023-07-21 21:14:25 | 287630
/scratch/users/samthau/template/lib/gslab_make/test/raw/config/config.yaml | 2023-07-21 21:14:26 | 1004
/scratch/users/samthau/template/lib/gslab_make/sphinx/source/pages/utility.rst | 2023-07-21 21:14:26 | 327
/scratch/users/samthau/template/lib/gslab_make/sphinx/build/html/_static/documentation_options.js | 2023-07-21 21:14:25 | 420
/scratch/users/samthau/template/lib/gslab_make/sphinx/source/pages/api/make_utility/gslab_make.make_utility.update_paths.rst | 2023-07-21 21:14:26 | 102
/scratch/users/samthau/template/lib/gslab_make/sphinx/build/html/_static/language_data.js | 2023-07-21 21:14:26 | 4758
/scratch/users/samthau/template/lib/gslab_make/sphinx/build/html/_static/fonts/Lato/lato-bolditalic.ttf | 2023-07-21 21:14:25 | 622572
/scratch/users/samthau/template/lib/gslab_make/sphinx/build/html/_static/css/fonts/lato-normal-italic.woff | 2023-07-21 21:14:25 | 328412
/scratch/users/samthau/template/lib/gslab_make/docs/pages/api/make_utility/gslab_make.make_utility.update_internal_paths.html | 2023-07-21 21:14:25 | 7175
/scratch/users/samthau/template/lib/gslab_make/sphinx/source/pages/general_logging.rst | 2023-07-21 21:14:26 | 655
/scratch/users/samthau/template/lib/gslab_make/docs/_sources/pages/api/write_logs/gslab_make.write_logs.log_files_in_output.rst.txt | 2023-07-21 21:14:25 | 121
/scratch/users/samthau/template/lib/gslab_make/sphinx/build/html/pages/api/write_logs/gslab_make.write_logs.start_makelog.html | 2023-07-21 21:14:26 | 7076
/scratch/users/samthau/template/lib/gslab_make/sphinx/source/pages/api/make_utility/gslab_make.make_utility.copy_output.rst | 2023-07-21 21:14:26 | 99
/scratch/users/samthau/template/lib/gslab_make/sphinx/build/doctrees/pages/dummy 2.doctree | 2023-07-21 21:14:25 | 51450
/scratch/users/samthau/template/lib/gslab_make/sphinx/build/doctrees/pages/api/move_sources/gslab_make.move_sources.link_externals.doctree | 2023-07-21 21:14:25 | 21477
/scratch/users/samthau/template/lib/gslab_make/build/lib/test/__init__.py | 2023-07-21 21:14:25 | 0
/scratch/users/samthau/template/lib/gslab_make/gslab_make/private/__pycache__/exceptionclasses.cpython-311.pyc | 2023-07-21 21:56:48 | 2363
/scratch/users/samthau/template/lib/gslab_make/sphinx/build/html/_sources/pages/utility 2.rst.txt | 2023-07-21 21:14:25 | 327
/scratch/users/samthau/template/lib/gslab_make/build/lib/gslab_make/move_sources.py | 2023-07-21 21:14:25 | 19397
/scratch/users/samthau/template/lib/gslab_make/test/raw/run_program/latex_file.tex | 2023-07-21 21:14:26 | 276
/scratch/users/samthau/template/lib/gslab_make/gslab_make/__pycache__/modify_dir.cpython-311.pyc | 2023-07-21 21:56:53 | 10447
/scratch/users/samthau/template/lib/gslab_make/gslab_make/make_utility.py | 2023-07-21 21:14:25 | 5785
/scratch/users/samthau/template/lib/gslab_make/sphinx/build/html/_static/jquery-3.2.1.js | 2023-07-21 21:14:26 | 268039
/scratch/users/samthau/template/lib/gslab_make/test/raw/tablefill/tablefill_template.lyx | 2023-07-21 21:14:26 | 4256
/scratch/users/samthau/template/lib/gslab_make/sphinx/build/html/_static/fonts/RobotoSlab/roboto-slab-v7-bold.eot | 2023-07-21 21:14:26 | 79520
/scratch/users/samthau/template/lib/gslab_make/sphinx/build/html/pages/general_logging 2.html | 2023-07-21 21:14:26 | 13422
/scratch/users/samthau/template/lib/gslab_make/test/raw/log_sources/dir_depth/depth_1.txt | 2023-07-21 21:14:26 | 20
/scratch/users/samthau/template/lib/gslab_make/docs/_static/fonts/RobotoSlab/roboto-slab-v7-bold.woff | 2023-07-21 21:14:25 | 87624
/scratch/users/samthau/template/lib/gslab_make/sphinx/build/html/_static/fonts/Lato/lato-bolditalic.eot | 2023-07-21 21:14:25 | 266158
/scratch/users/samthau/template/lib/gslab_make/sphinx/build/html/_static/css/fonts/Roboto-Slab-Regular.woff | 2023-07-21 21:14:25 | 86288
/scratch/users/samthau/template/lib/gslab_make/docs/_static/css/fonts/fontawesome-webfont.ttf | 2023-07-21 21:14:25 | 165548
/scratch/users/samthau/template/lib/gslab_make/docs/_sources/pages/directory.rst.txt | 2023-07-21 21:14:25 | 344
/scratch/users/samthau/template/lib/gslab_make/docs/_static/fonts/RobotoSlab/roboto-slab-v7-regular.woff | 2023-07-21 21:14:25 | 86288
/scratch/users/samthau/template/lib/gslab_make/sphinx/source/pages/dummy.rst | 2023-07-21 21:14:26 | 741
/scratch/users/samthau/template/lib/gslab_make/docs/pages/directory.html | 2023-07-21 21:14:25 | 12728
/scratch/users/samthau/template/lib/gslab_make/sphinx/build/doctrees/pages/api/write_logs/gslab_make.write_logs.log_files_in_output.doctree | 2023-07-21 21:14:25 | 17521
/scratch/users/samthau/template/lib/gslab_make/sphinx/build/html/_static/fonts/Lato/lato-italic.woff2 | 2023-07-21 21:14:25 | 195704
/scratch/users/samthau/template/lib/gslab_make/sphinx/build/html/_static/css/fonts/lato-normal.woff | 2023-07-21 21:14:25 | 309192
/scratch/users/samthau/template/lib/gslab_make/docs/_static/fonts/Lato/lato-regular.ttf | 2023-07-21 21:14:25 | 607720
/scratch/users/samthau/template/lib/gslab_make/docs/pages/api/move_sources/gslab_make.move_sources.copy_inputs.html | 2023-07-21 21:14:25 | 12310
/scratch/users/samthau/template/lib/gslab_make/gslab_make/write_version_logs.py | 2023-07-21 21:14:25 | 2610
/scratch/users/samthau/template/lib/gslab_make/sphinx/build/html/_static/fonts/Lato/lato-bold.eot | 2023-07-21 21:14:25 | 256056
/scratch/users/samthau/template/lib/gslab_make/build/lib/test/test_log_sources.py | 2023-07-21 21:14:25 | 4585
/scratch/users/samthau/template/lib/gslab_make/docs/_static/fonts/RobotoSlab/roboto-slab-v7-regular.woff2 | 2023-07-21 21:14:25 | 66444
/scratch/users/samthau/template/lib/gslab_make/docs/_static/fonts/Lato-Regular.ttf | 2023-07-21 21:14:25 | 656568
/scratch/users/samthau/template/lib/gslab_make/sphinx/source/pages/repository.rst | 2023-07-21 21:14:26 | 363
/scratch/users/samthau/template/lib/gslab_make/setup.cfg | 2023-07-21 21:14:25 | 416
/scratch/users/samthau/template/lib/gslab_make/test/test_log_sources.py | 2023-07-21 21:14:26 | 4585
/scratch/users/samthau/template/lib/gslab_make/docs/_static/fonts/RobotoSlab/roboto-slab-v7-regular 2.eot | 2023-07-21 21:14:25 | 78331
/scratch/users/samthau/template/lib/gslab_make/test/raw/log_outputs/dir space/file space.txt | 2023-07-21 21:14:26 | 20
/scratch/users/samthau/template/lib/gslab_make/gslab_make/private/__pycache__/__init__.cpython-311.pyc | 2023-07-21 21:56:48 | 210
/scratch/users/samthau/template/lib/gslab_make/docs/_static/js/html5shiv-printshiv.min.js | 2023-07-21 21:14:25 | 4370
/scratch/users/samthau/template/lib/gslab_make/sphinx/source/pages/directory 2.rst | 2023-07-21 21:14:26 | 344
/scratch/users/samthau/template/lib/gslab_make/sphinx/build/html/_static/css/fonts/lato-bold.woff | 2023-07-21 21:14:25 | 309728
/scratch/users/samthau/template/lib/gslab_make/docs/pages/api/run_program/gslab_make.run_program.run_perl.html | 2023-07-21 21:14:25 | 11413
/scratch/users/samthau/template/lib/gslab_make/docs/_static/css/fonts/Roboto-Slab-Bold.woff2 | 2023-07-21 21:14:25 | 67312
/scratch/users/samthau/template/lib/gslab_make/docs/_sources/pages/source_logging.rst.txt | 2023-07-21 21:14:25 | 380
/scratch/users/samthau/template/lib/gslab_make/sphinx/build/html/pages/api/make_utility/gslab_make.make_utility.update_internal_paths.html | 2023-07-21 21:14:26 | 7175
/scratch/users/samthau/template/lib/gslab_make/sphinx/build/html/_sources/pages/api/write_logs/gslab_make.write_logs.log_files_in_output.rst.txt | 2023-07-21 21:14:25 | 121
/scratch/users/samthau/template/lib/gslab_make/sphinx/build/html/_static/fonts/RobotoSlab-Regular.ttf | 2023-07-21 21:14:25 | 169064
/scratch/users/samthau/template/lib/gslab_make/build/lib/gslab_make/private/utility.py | 2023-07-21 21:14:25 | 8202
/scratch/users/samthau/template/lib/gslab_make/docs/_sources/pages/sourcing 2.rst.txt | 2023-07-21 21:14:25 | 548
/scratch/users/samthau/template/lib/gslab_make/test/raw/tablefill/tablefill_no_tag.txt | 2023-07-21 21:14:26 | 56
/scratch/users/samthau/template/lib/gslab_make/sphinx/build/html/_sources/pages/api/run_program/gslab_make.run_program.run_mathematica.rst.txt | 2023-07-21 21:14:25 | 110
/scratch/users/samthau/template/lib/gslab_make/docs/_sources/pages/api/modify_dir/gslab_make.modify_dir.remove_dir.rst.txt | 2023-07-21 21:14:25 | 94
/scratch/users/samthau/template/lib/gslab_make/build/lib/test/EXCLUDE_test_R.py | 2023-07-21 21:14:25 | 7997
/scratch/users/samthau/template/lib/gslab_make/docs/_static/css/fonts/lato-normal-italic.woff2 | 2023-07-21 21:14:25 | 195704
/scratch/users/samthau/template/lib/gslab_make/sphinx/build/html/pages/utility.html | 2023-07-21 21:14:26 | 12008
/scratch/users/samthau/template/lib/gslab_make/sphinx/build/html/_static/underscore-1.3.1.js | 2023-07-21 21:14:26 | 35168
/scratch/users/samthau/template/lib/gslab_make/sphinx/build/html/_static/css/fonts/fontawesome-webfont.svg | 2023-07-21 21:14:25 | 444379
/scratch/users/samthau/template/lib/gslab_make/build/lib/test/WIP_test_latex.py | 2023-07-21 21:14:25 | 2298
/scratch/users/samthau/template/lib/gslab_make/docs/_static/fonts/RobotoSlab/roboto-slab-v7-bold 2.woff | 2023-07-21 21:14:25 | 87624
/scratch/users/samthau/template/lib/gslab_make/test/raw/run_program/stata_script space.do | 2023-07-21 21:14:26 | 108
/scratch/users/samthau/template/lib/gslab_make/test/raw/move_sources/move space.txt | 2023-07-21 21:14:26 | 76
/scratch/users/samthau/template/lib/gslab_make/docs/_static/basic 2.css | 2023-07-21 21:14:25 | 14621
/scratch/users/samthau/template/lib/gslab_make/sphinx/build/html/pages/specifying_paths.html | 2023-07-21 21:14:26 | 11828
/scratch/users/samthau/template/lib/gslab_make/docs/_static/js/modernizr.min.js | 2023-07-21 21:14:25 | 15414
/scratch/users/samthau/template/lib/gslab_make/sphinx/build/doctrees/pages/api/write_logs/gslab_make.write_logs.start_makelog.doctree | 2023-07-21 21:14:25 | 7667
/scratch/users/samthau/template/lib/gslab_make/docs/genindex 2.html | 2023-07-21 21:14:25 | 13012
/scratch/users/samthau/template/lib/gslab_make/sphinx/build/doctrees/pages/api/run_program/gslab_make.run_program.run_sas.doctree | 2023-07-21 21:14:25 | 20509
/scratch/users/samthau/template/lib/gslab_make/sphinx/build/html/_static/css/fonts/Roboto-Slab-Bold.woff2 | 2023-07-21 21:14:25 | 67312
/scratch/users/samthau/template/lib/gslab_make/sphinx/build/html/_sources/pages/api/write_logs/gslab_make.write_logs.write_to_makelog.rst.txt | 2023-07-21 21:14:25 | 112
/scratch/users/samthau/template/lib/gslab_make/sphinx/build/html/pages/api/run_program/gslab_make.run_program.run_python.html | 2023-07-21 21:14:26 | 11407
/scratch/users/samthau/template/lib/gslab_make/sphinx/build/html/_static/js/html5shiv-printshiv.min.js | 2023-07-21 21:14:26 | 4370
/scratch/users/samthau/template/lib/gslab_make/sphinx/build/html/_sources/pages/api/make_utility/gslab_make.make_utility.update_internal_paths.rst.txt | 2023-07-21 21:14:25 | 129
/scratch/users/samthau/template/lib/gslab_make/sphinx/build/html/_sources/pages/utility.rst.txt | 2023-07-21 21:14:25 | 327
/scratch/users/samthau/template/lib/gslab_make/sphinx/build/html/_static/css/fonts/lato-bold.woff2 | 2023-07-21 21:14:25 | 184912
/scratch/users/samthau/template/lib/gslab_make/build/lib/gslab_make/modify_dir.py | 2023-07-21 21:14:25 | 7384
/scratch/users/samthau/template/lib/gslab_make/sphinx/build/html/_static/css/fonts/lato-normal.woff2 | 2023-07-21 21:14:25 | 182708
/scratch/users/samthau/template/lib/gslab_make/sphinx/build/html/_sources/pages/api/run_program/gslab_make.run_program.run_sas.rst.txt | 2023-07-21 21:14:25 | 86
/scratch/users/samthau/template/lib/gslab_make/sphinx/source/pages/source_logging.rst | 2023-07-21 21:14:26 | 380
/scratch/users/samthau/template/lib/gslab_make/test/raw/tablefill/tablefill_template_not_enough_values.lyx | 2023-07-21 21:14:26 | 3823
/scratch/users/samthau/template/lib/gslab_make/docs/_static/fonts/RobotoSlab-Bold.ttf | 2023-07-21 21:14:25 | 170616
/scratch/users/samthau/template/lib/gslab_make/build/lib/gslab_make/textfill_info.py | 2023-07-21 21:14:25 | 6314
/scratch/users/samthau/template/lib/gslab_make/docs/_static/fonts/Lato/lato-regular.eot | 2023-07-21 21:14:25 | 253461
/scratch/users/samthau/template/lib/gslab_make/build/lib/test/utility.py | 2023-07-21 21:14:25 | 1404
/scratch/users/samthau/template/lib/gslab_make/docs/_static/css/fonts/lato-bold.woff | 2023-07-21 21:14:25 | 309728
/scratch/users/samthau/template/lib/gslab_make/sphinx/build/doctrees/environment.pickle | 2023-07-21 21:14:25 | 101644
/scratch/users/samthau/template/lib/gslab_make/docs/_sources/pages/api/make_utility/gslab_make.make_utility.update_executables.rst.txt | 2023-07-21 21:14:25 | 120
/scratch/users/samthau/template/lib/gslab_make/test/test_python.py | 2023-07-21 21:14:26 | 7064
/scratch/users/samthau/template/lib/gslab_make/docs/_static/fonts/RobotoSlab/roboto-slab-v7-bold 2.ttf | 2023-07-21 21:14:25 | 170616
/scratch/users/samthau/template/lib/gslab_make/sphinx/build/html/_static/js/html5shiv.min.js | 2023-07-21 21:14:26 | 2734
/scratch/users/samthau/template/lib/gslab_make/sphinx/build/html/_static/fonts/Inconsolata.ttf | 2023-07-21 21:14:25 | 63184
/scratch/users/samthau/template/lib/gslab_make/sphinx/source/pages/program.rst | 2023-07-21 21:14:26 | 2704
/scratch/users/samthau/template/lib/gslab_make/sphinx/build/html/_sources/pages/directory.rst.txt | 2023-07-21 21:14:25 | 344
/scratch/users/samthau/template/lib/gslab_make/docs/pages/sourcing 2.html | 2023-07-21 21:14:25 | 31670
/scratch/users/samthau/template/lib/gslab_make/docs/_static/fonts/RobotoSlab/roboto-slab-v7-regular 2.ttf | 2023-07-21 21:14:25 | 169064
/scratch/users/samthau/template/lib/gslab_make/sphinx/build/html/pages/sourcing 2.html | 2023-07-21 21:14:26 | 31670
/scratch/users/samthau/template/lib/gslab_make/docs/pages/api/move_sources/gslab_make.move_sources.link_externals.html | 2023-07-21 21:14:25 | 12526
/scratch/users/samthau/template/lib/gslab_make/sphinx/build/html/_sources/pages/filling.rst.txt | 2023-07-21 21:14:25 | 253
/scratch/users/samthau/template/lib/gslab_make/test/test_log_outputs.py | 2023-07-21 21:14:26 | 5111
/scratch/users/samthau/template/lib/gslab_make/sphinx/build/doctrees/pages/api/run_program/gslab_make.run_program.run_mathematica.doctree | 2023-07-21 21:14:25 | 18528
/scratch/users/samthau/template/lib/gslab_make/sphinx/build/html/_sources/pages/api/run_program/gslab_make.run_program.run_lyx.rst.txt | 2023-07-21 21:14:25 | 86
/scratch/users/samthau/template/lib/gslab_make/sphinx/build/doctrees/pages/api/run_program/gslab_make.run_program.run_module.doctree | 2023-07-21 21:14:25 | 12830
/scratch/users/samthau/template/lib/gslab_make/sphinx/build/doctrees/pages/api/make_utility/gslab_make.make_utility.update_executables.doctree | 2023-07-21 21:14:25 | 9857
/scratch/users/samthau/template/lib/gslab_make/test/raw/config/config_user_empty.yaml | 2023-07-21 21:14:26 | 96
/scratch/users/samthau/template/lib/gslab_make/sphinx/build/html/_sources/pages/general_logging 2.rst.txt | 2023-07-21 21:14:25 | 655
/scratch/users/samthau/template/lib/gslab_make/docs/_sources/pages/program.rst.txt | 2023-07-21 21:14:25 | 2704
/scratch/users/samthau/template/lib/gslab_make/sphinx/source/pages/api/check_repo/gslab_make.check_repo.check_module_size.rst | 2023-07-21 21:14:26 | 115
/scratch/users/samthau/template/lib/gslab_make/sphinx/build/html/_static/css/fonts/fontawesome-webfont.ttf | 2023-07-21 21:14:25 | 165548
/scratch/users/samthau/template/lib/gslab_make/sphinx/build/html/_static/fonts/fontawesome-webfont.ttf | 2023-07-21 21:14:26 | 165548
/scratch/users/samthau/template/lib/gslab_make/sphinx/source/pages/api/check_repo/gslab_make.check_repo.check_conda_status.rst | 2023-07-21 21:14:26 | 118
/scratch/users/samthau/template/lib/gslab_make/test/raw/run_program/matlab_script_error.m | 2023-07-21 21:14:26 | 5
/scratch/users/samthau/template/lib/gslab_make/test/raw/config/config_user_bad.yaml | 2023-07-21 21:14:26 | 131
/scratch/users/samthau/template/lib/gslab_make/test/raw/run_program/lyx_file_handout.lyx | 2023-07-21 21:14:26 | 2000
/scratch/users/samthau/template/lib/gslab_make/sphinx/build/doctrees/pages/sourcing.doctree | 2023-07-21 21:14:25 | 78994
/scratch/users/samthau/template/lib/gslab_make/gslab_make/__pycache__/make_utility.cpython-311.pyc | 2023-07-21 21:56:55 | 7941
/scratch/users/samthau/template/lib/gslab_make/gslab_make/check_repo.py | 2023-07-21 21:14:25 | 14471
/scratch/users/samthau/template/lib/gslab_make/docs/_sources/pages/specifying_paths.rst.txt | 2023-07-21 21:14:25 | 2616
/scratch/users/samthau/template/lib/gslab_make/docs/_sources/pages/api/modify_dir/gslab_make.modify_dir.unzip.rst.txt | 2023-07-21 21:14:25 | 79
/scratch/users/samthau/template/lib/gslab_make/docs/_sources/pages/api/check_repo/gslab_make.check_repo.check_conda_status.rst.txt | 2023-07-21 21:14:25 | 118
/scratch/users/samthau/template/lib/gslab_make/docs/pages/api/check_repo/gslab_make.check_repo.check_module_size.html | 2023-07-21 21:14:25 | 8460
/scratch/users/samthau/template/lib/gslab_make/docs/_static/fonts/fontawesome-webfont.eot | 2023-07-21 21:14:25 | 165742
/scratch/users/samthau/template/lib/gslab_make/sphinx/build/html/_sources/pages/api/make_utility/gslab_make.make_utility.update_external_paths.rst.txt | 2023-07-21 21:14:25 | 129
/scratch/users/samthau/template/lib/gslab_make/build/lib/gslab_make/write_source_logs.py | 2023-07-21 21:14:25 | 4866
/scratch/users/samthau/template/lib/gslab_make/sphinx/source/pages/api/check_repo/gslab_make.check_repo.get_modified_sources.rst | 2023-07-21 21:14:26 | 124
/scratch/users/samthau/template/lib/gslab_make/docs/_static/fonts/fontawesome-webfont.woff | 2023-07-21 21:14:25 | 98024
/scratch/users/samthau/template/lib/gslab_make/test/raw/run_program/python_script.py | 2023-07-21 21:14:26 | 169
/scratch/users/samthau/template/lib/gslab_make/docs/_static/fonts/Inconsolata 2.ttf | 2023-07-21 21:14:25 | 63184
/scratch/users/samthau/template/lib/gslab_make/build/lib/gslab_make/write_version_logs.py | 2023-07-21 21:14:25 | 2652
/scratch/users/samthau/template/lib/gslab_make/docs/_static/file.png | 2023-07-21 21:14:25 | 286
/scratch/users/samthau/template/lib/gslab_make/docs/_static/fonts/fontawesome-webfont 2.woff2 | 2023-07-21 21:14:25 | 77160
/scratch/users/samthau/template/lib/gslab_make/test/test_tablefill.py | 2023-07-21 21:14:26 | 4244
/scratch/users/samthau/template/lib/gslab_make/gslab_make/write_logs.py | 2023-07-21 21:14:25 | 10665
/scratch/users/samthau/template/lib/gslab_make/build/lib/gslab_make/make_utility.py | 2023-07-21 21:14:25 | 5785
/scratch/users/samthau/template/lib/gslab_make/sphinx/build/html/pages/dummy 2.html | 2023-07-21 21:14:26 | 18205
/scratch/users/samthau/template/lib/gslab_make/docs/_static/fonts/fontawesome-webfont.svg | 2023-07-21 21:14:25 | 444379
/scratch/users/samthau/template/lib/gslab_make/test/raw/move_sources/move_empty.txt | 2023-07-21 21:14:26 | 22
/scratch/users/samthau/template/lib/gslab_make/sphinx/build/html/_static/css/theme.css | 2023-07-21 21:14:25 | 131657
/scratch/users/samthau/template/lib/gslab_make/build/lib/gslab_make/private/exceptionclasses.py | 2023-07-21 21:14:25 | 943
/scratch/users/samthau/template/lib/gslab_make/docs/pages/program.html | 2023-07-21 21:14:25 | 61975
/scratch/users/samthau/template/lib/gslab_make/docs/_static/css/fonts/lato-normal.woff | 2023-07-21 21:14:25 | 309192
/scratch/users/samthau/template/lib/gslab_make/sphinx/build/html/_sources/pages/api/run_program/gslab_make.run_program.run_stat_transfer.rst.txt | 2023-07-21 21:14:25 | 116
/scratch/users/samthau/template/lib/gslab_make/docs/_static/fonts/Lato/lato-bold.woff | 2023-07-21 21:14:25 | 309728
/scratch/users/samthau/template/lib/gslab_make/docs/_static/minus 2.png | 2023-07-21 21:14:25 | 90
/scratch/users/samthau/template/lib/gslab_make/test/WIP_test_matlab.py | 2023-07-21 21:14:26 | 8012
/scratch/users/samthau/template/lib/gslab_make/sphinx/source/pages/api/write_source_logs/gslab_make.write_source_logs.write_source_logs.rst | 2023-07-21 21:14:26 | 122
/scratch/users/samthau/template/lib/gslab_make/sphinx/build/html/_static/underscore-1.13.1.js | 2023-07-21 21:14:26 | 68420
/scratch/users/samthau/template/lib/gslab_make/sphinx/source/pages/api/run_program/gslab_make.run_program.run_stat_transfer.rst | 2023-07-21 21:14:26 | 116
/scratch/users/samthau/template/lib/gslab_make/sphinx/build/html/pages/api/check_repo/gslab_make.check_repo.get_modified_sources.html | 2023-07-21 21:14:26 | 8805
/scratch/users/samthau/template/lib/gslab_make/docs/_sources/pages/api/write_logs/gslab_make.write_logs.start_makelog.rst.txt | 2023-07-21 21:14:25 | 103
/scratch/users/samthau/template/lib/gslab_make/docs/_static/fonts/Lato/lato-bolditalic.ttf | 2023-07-21 21:14:25 | 622572
/scratch/users/samthau/template/lib/gslab_make/docs/_sources/pages/api/move_sources/gslab_make.move_sources.copy_inputs.rst.txt | 2023-07-21 21:14:25 | 99
/scratch/users/samthau/template/lib/gslab_make/docs/_static/fonts/Lato/lato-regular.woff2 | 2023-07-21 21:14:25 | 182708
/scratch/users/samthau/template/lib/gslab_make/sphinx/build/html/_static/fonts/Lato/lato-bold.woff2 | 2023-07-21 21:14:25 | 184912
/scratch/users/samthau/template/lib/gslab_make/docs/_sources/pages/general_logging.rst.txt | 2023-07-21 21:14:25 | 655
/scratch/users/samthau/template/lib/gslab_make/test/raw/config/config_user.yaml | 2023-07-21 21:14:26 | 236
/scratch/users/samthau/template/lib/gslab_make/sphinx/source/pages/api/write_logs/gslab_make.write_logs.log_files_in_output.rst | 2023-07-21 21:14:26 | 121
/scratch/users/samthau/template/lib/gslab_make/docs/_sources/pages/api/modify_dir/gslab_make.modify_dir.zip_dir.rst.txt | 2023-07-21 21:14:25 | 85
/scratch/users/samthau/template/lib/gslab_make/sphinx/build/doctrees/pages/api/run_program/gslab_make.run_program.run_stata.doctree | 2023-07-21 21:14:25 | 19271
/scratch/users/samthau/template/lib/gslab_make/sphinx/build/html/_sources/pages/api/modify_dir/gslab_make.modify_dir.remove_dir.rst.txt | 2023-07-21 21:14:25 | 94
/scratch/users/samthau/template/lib/gslab_make/sphinx/build/html/_static/css/fonts/Roboto-Slab-Bold.woff | 2023-07-21 21:14:25 | 87624
/scratch/users/samthau/template/lib/gslab_make/docs/searchindex.js | 2023-07-21 21:14:25 | 37621
/scratch/users/samthau/template/lib/gslab_make/docs/_static/fonts/Lato/lato-regular.woff | 2023-07-21 21:14:25 | 309192
/scratch/users/samthau/template/lib/gslab_make/sphinx/build/html/_sources/pages/general_logging.rst.txt | 2023-07-21 21:14:25 | 655
/scratch/users/samthau/template/lib/gslab_make/docs/_sources/pages/repository.rst.txt | 2023-07-21 21:14:25 | 363
/scratch/users/samthau/template/lib/gslab_make/docs/_static/basic.css | 2023-07-21 21:14:25 | 14621
/scratch/users/samthau/template/lib/gslab_make/sphinx/build/html/_sources/pages/api/move_sources/gslab_make.move_sources.copy_inputs.rst.txt | 2023-07-21 21:14:25 | 99
/scratch/users/samthau/template/lib/gslab_make/sphinx/build/doctrees/pages/api/make_utility/gslab_make.make_utility.copy_output.doctree | 2023-07-21 21:14:25 | 7228
/scratch/users/samthau/template/lib/gslab_make/docs/_sources/pages/api/run_program/gslab_make.run_program.run_stata.rst.txt | 2023-07-21 21:14:25 | 92
/scratch/users/samthau/template/lib/gslab_make/docs/_sources/pages/api/run_program/gslab_make.run_program.run_r.rst.txt | 2023-07-21 21:14:25 | 80
/scratch/users/samthau/template/lib/gslab_make/sphinx/build/html/pages/api/make_utility/gslab_make.make_utility.update_external_paths.html | 2023-07-21 21:14:26 | 7622
/scratch/users/samthau/template/lib/gslab_make/sphinx/build/html/pages/api/move_sources/gslab_make.move_sources.link_inputs.html | 2023-07-21 21:14:26 | 12489
/scratch/users/samthau/template/lib/gslab_make/sphinx/build/html/pages/program.html | 2023-07-21 21:14:26 | 61975
/scratch/users/samthau/template/lib/gslab_make/gslab_make/move_sources.py | 2023-07-21 21:14:25 | 19397
/scratch/users/samthau/template/lib/gslab_make/docs/_static/fonts/RobotoSlab/roboto-slab-v7-bold 2.eot | 2023-07-21 21:14:25 | 79520
/scratch/users/samthau/template/lib/gslab_make/test/raw/log_outputs/recursion.txt | 2023-07-21 21:14:26 | 34
/scratch/users/samthau/template/lib/gslab_make/docs/_sources/pages/api/check_repo/gslab_make.check_repo.get_modified_sources.rst.txt | 2023-07-21 21:14:25 | 124
/scratch/users/samthau/template/lib/gslab_make/docs/_sources/pages/api/make_utility/gslab_make.make_utility.update_external_paths.rst.txt | 2023-07-21 21:14:25 | 129
/scratch/users/samthau/template/lib/gslab_make/sphinx/build/html/_static/css/badge_only.css | 2023-07-21 21:14:25 | 3229
/scratch/users/samthau/template/lib/gslab_make/build/lib/gslab_make/tablefill_info.py | 2023-07-21 21:14:25 | 8432
/scratch/users/samthau/template/lib/gslab_make/docs/_static/fonts/RobotoSlab/roboto-slab-v7-regular.ttf | 2023-07-21 21:14:25 | 169064
/scratch/users/samthau/template/lib/gslab_make/sphinx/README.md | 2023-07-21 21:14:25 | 1340
/scratch/users/samthau/template/lib/gslab_make/docs/_static/file 2.png | 2023-07-21 21:14:25 | 286
/scratch/users/samthau/template/lib/gslab_make/sphinx/source/pages/api/run_program/gslab_make.run_program.run_jupyter.rst | 2023-07-21 21:14:26 | 98
/scratch/users/samthau/template/lib/gslab_make/sphinx/build/html/_static/fonts/Lato-Regular.ttf | 2023-07-21 21:14:25 | 656568
/scratch/users/samthau/template/lib/gslab_make/docs/pages/api/run_program/gslab_make.run_program.run_matlab.html | 2023-07-21 21:14:25 | 11413
/scratch/users/samthau/template/lib/gslab_make/sphinx/source/pages/api/run_program/gslab_make.run_program.run_module.rst | 2023-07-21 21:14:26 | 95
/scratch/users/samthau/template/lib/gslab_make/docs/pages/api/modify_dir/gslab_make.modify_dir.unzip.html | 2023-07-21 21:14:25 | 6701
/scratch/users/samthau/template/lib/gslab_make/docs/_sources/pages/api/write_logs/gslab_make.write_logs.end_makelog.rst.txt | 2023-07-21 21:14:25 | 97
/scratch/users/samthau/template/lib/gslab_make/sphinx/build/html/_static/fonts/Lato/lato-italic.eot | 2023-07-21 21:14:25 | 268604
/scratch/users/samthau/template/lib/gslab_make/docs/_static/fonts/RobotoSlab-Regular 2.ttf | 2023-07-21 21:14:25 | 169064
/scratch/users/samthau/template/lib/gslab_make/sphinx/source/pages/api/modify_dir/gslab_make.modify_dir.zip_dir.rst | 2023-07-21 21:14:26 | 85
/scratch/users/samthau/template/lib/gslab_make/docs/_sources/pages/api/run_program/gslab_make.run_program.execute_command.rst.txt | 2023-07-21 21:14:25 | 110
/scratch/users/samthau/template/lib/gslab_make/docs/_static/fonts/Lato-Regular 2.ttf | 2023-07-21 21:14:25 | 656568
/scratch/users/samthau/template/lib/gslab_make/docs/_static/searchtools.js | 2023-07-21 21:14:25 | 18215
/scratch/users/samthau/template/lib/gslab_make/docs/pages/api/run_program/gslab_make.run_program.run_sas.html | 2023-07-21 21:14:25 | 11821
/scratch/users/samthau/template/lib/gslab_make/sphinx/build/html/pages/filling 2.html | 2023-07-21 21:14:26 | 15857
/scratch/users/samthau/template/lib/gslab_make/test/utility.py | 2023-07-21 21:14:26 | 1404
/scratch/users/samthau/template/lib/gslab_make/docs/_sources/pages/api/run_program/gslab_make.run_program.run_sas.rst.txt | 2023-07-21 21:14:25 | 86
/scratch/users/samthau/template/lib/gslab_make/sphinx/build/html/pages/dummy.html | 2023-07-21 21:14:26 | 18203
/scratch/users/samthau/template/lib/gslab_make/sphinx/build/html/_sources/pages/api/write_logs/gslab_make.write_logs.end_makelog.rst.txt | 2023-07-21 21:14:25 | 97
/scratch/users/samthau/template/lib/gslab_make/test/raw/run_program/perl_script.pl | 2023-07-21 21:14:26 | 208
/scratch/users/samthau/template/lib/gslab_make/sphinx/source/pages/api/write_logs/gslab_make.write_logs.write_to_makelog.rst | 2023-07-21 21:14:26 | 112
/scratch/users/samthau/template/lib/gslab_make/sphinx/source/pages/sourcing.rst | 2023-07-21 21:14:26 | 548
/scratch/users/samthau/template/lib/gslab_make/gslab_make/__pycache__/write_version_logs.cpython-311.pyc | 2023-07-21 21:56:55 | 4048
/scratch/users/samthau/template/lib/gslab_make/docs/_sources/pages/api/move_sources/gslab_make.move_sources.copy_externals.rst.txt | 2023-07-21 21:14:25 | 108
/scratch/users/samthau/template/lib/gslab_make/sphinx/source/pages/api/make_utility/gslab_make.make_utility.update_executables.rst | 2023-07-21 21:14:26 | 120
/scratch/users/samthau/template/lib/gslab_make/docs/pages/specifying_paths.html | 2023-07-21 21:14:25 | 11828
/scratch/users/samthau/template/lib/gslab_make/sphinx/build/html/_sources/pages/api/run_program/gslab_make.run_program.execute_command.rst.txt | 2023-07-21 21:14:25 | 110
/scratch/users/samthau/template/lib/gslab_make/sphinx/build/doctrees/pages/filling 2.doctree | 2023-07-21 21:14:25 | 28798
/scratch/users/samthau/template/lib/gslab_make/docs/_static/jquery 2.js | 2023-07-21 21:14:25 | 89501
/scratch/users/samthau/template/lib/gslab_make/docs/_static/fonts/Lato/lato-bolditalic.woff | 2023-07-21 21:14:25 | 323344
/scratch/users/samthau/template/lib/gslab_make/sphinx/source/pages/dummy 2.rst | 2023-07-21 21:14:26 | 741
/scratch/users/samthau/template/lib/gslab_make/build/lib/test/WIP_test_matlab.py | 2023-07-21 21:14:25 | 8012
/scratch/users/samthau/template/lib/gslab_make/docs/_static/plus.png | 2023-07-21 21:14:25 | 90
/scratch/users/samthau/template/lib/gslab_make/gslab_make/__init__.py | 2023-07-21 21:14:25 | 2756
/scratch/users/samthau/template/lib/gslab_make/docs/pages/api/make_utility/gslab_make.make_utility.update_external_paths.html | 2023-07-21 21:14:25 | 7622
/scratch/users/samthau/template/lib/gslab_make/sphinx/build/html/pages/api/run_program/gslab_make.run_program.run_lyx.html | 2023-07-21 21:14:26 | 12309
/scratch/users/samthau/template/lib/gslab_make/docs/_static/minus.png | 2023-07-21 21:14:25 | 90
/scratch/users/samthau/template/lib/gslab_make/gslab_make/private/movedirective.py | 2023-07-21 21:14:25 | 12767
/scratch/users/samthau/template/lib/gslab_make/docs/pages/directory 2.html | 2023-07-21 21:14:25 | 11409
/scratch/users/samthau/template/lib/gslab_make/sphinx/build/doctrees/pages/api/modify_dir/gslab_make.modify_dir.clear_dir.doctree | 2023-07-21 21:14:25 | 9379
/scratch/users/samthau/template/lib/gslab_make/docs/_static/pygments.css | 2023-07-21 21:14:25 | 4819
/scratch/users/samthau/template/lib/gslab_make/sphinx/source/pages/api/tablefill/gslab_make.tablefill.tablefill.rst | 2023-07-21 21:14:26 | 90
/scratch/users/samthau/template/lib/gslab_make/docs/pages/api/modify_dir/gslab_make.modify_dir.remove_dir.html | 2023-07-21 21:14:25 | 8068
/scratch/users/samthau/template/lib/gslab_make/sphinx/build/html/pages/api/make_utility/gslab_make.make_utility.copy_output.html | 2023-07-21 21:14:26 | 6778
/scratch/users/samthau/template/lib/gslab_make/sphinx/build/html/_static/pygments.css | 2023-07-21 21:14:26 | 4819
/scratch/users/samthau/template/lib/gslab_make/docs/pages/api/make_utility/gslab_make.make_utility.update_paths.html | 2023-07-21 21:14:25 | 6735
/scratch/users/samthau/template/lib/gslab_make/sphinx/build/html/_sources/pages/api/tablefill/gslab_make.tablefill.tablefill.rst.txt | 2023-07-21 21:14:25 | 90
