--------------------------------------------------------------------------------
Makelog started: 2023-07-21 17:11:50
Working directory: /scratch/users/samthau/template/analysis
--------------------------------------------------------------------------------
Input links successfully created!
External links successfully created!
Source logs successfully written!
WARNING! The following target files have been modified according to git status:
/scratch/users/samthau/template/data/output/data_cleaned.csv
Version logs successfully written!
Executing command: `python  "/scratch/users/samthau/template/analysis/code/analyze_data.py" `
/home/users/samthau/miniconda3/envs/template/lib/python3.11/site-packages/linearmodels/panel/model.py:1214: MissingValueWarning: 
Inputs contain missing values. Dropping rows with missing observations.
  super().__init__(dependent, exog, weights=weights, check_rank=check_rank)
/home/users/samthau/miniconda3/envs/template/lib/python3.11/site-packages/linearmodels/panel/model.py:1214: MissingValueWarning: 
Inputs contain missing values. Dropping rows with missing observations.
  super().__init__(dependent, exog, weights=weights, check_rank=check_rank)
/home/users/samthau/miniconda3/envs/template/lib/python3.11/site-packages/linearmodels/panel/model.py:1214: MissingValueWarning: 
Inputs contain missing values. Dropping rows with missing observations.
  super().__init__(dependent, exog, weights=weights, check_rank=check_rank)

Output logs successfully written!
--------------------------------------------------------------------------------
Makelog ended: 2023-07-21 17:12:14
Working directory: /scratch/users/samthau/template/analysis
--------------------------------------------------------------------------------
